#
# There is insufficient memory for the Java Runtime Environment to continue.
# Native memory allocation (mmap) failed to map 614465536 bytes for G1 virtual space
# Possible reasons:
#   The system is out of physical RAM or swap space
#   The process is running with CompressedOops enabled, and the Java Heap may be blocking the growth of the native heap
# Possible solutions:
#   Reduce memory load on the system
#   Increase physical memory or swap space
#   Check if swap backing store is full
#   Decrease Java heap size (-Xmx/-Xms)
#   Decrease number of Java threads
#   Decrease Java thread stack sizes (-Xss)
#   Set larger code cache with -XX:ReservedCodeCacheSize=
#   JVM is running with Zero Based Compressed Oops mode in which the Java heap is
#     placed in the first 32GB address space. The Java Heap base address is the
#     maximum limit for the native heap growth. Please use -XX:HeapBaseMinAddress
#     to set the Java Heap base and to place the Java Heap above 32GB virtual address.
# This output file may be truncated or incomplete.
#
#  Out of Memory Error (os_windows.cpp:3532), pid=18044, tid=8224
#
# JRE version: Java(TM) SE Runtime Environment (17.0.2+8) (build 17.0.2+8-LTS-86)
# Java VM: Java HotSpot(TM) 64-Bit Server VM (17.0.2+8-LTS-86, mixed mode, sharing, tiered, compressed oops, compressed class ptrs, g1 gc, windows-amd64)
# No core dump will be written. Minidumps are not enabled by default on client versions of Windows
#

---------------  S U M M A R Y ------------

Command Line: -Dfabric.dli.config=C:\Users\11419\Desktop\MyMinecraftMod\litematica-printer-2.1\.gradle\loom-cache\launch.cfg -Dfabric.dli.env=client -Dfabric.dli.main=net.fabricmc.loader.impl.launch.knot.KnotClient -javaagent:F:\java\IDE\idea\IntelliJ IDEA 2021.3.2\lib\idea_rt.jar=61374:F:\java\IDE\idea\IntelliJ IDEA 2021.3.2\bin -Dfile.encoding=UTF-8 net.fabricmc.devlaunchinjector.Main

Host: AMD Ryzen 7 5800X 8-Core Processor             , 16 cores, 15G,  Windows 10 , 64 bit Build 18362 (10.0.18362.329)
Time: Sat Mar 26 12:58:51 2022 中国标准时间 elapsed time: 6.298504 seconds (0d 0h 0m 6s)

---------------  T H R E A D  ---------------

Current thread (0x000002067dd219a0):  VMThread "VM Thread" [stack: 0x0000008c3c600000,0x0000008c3c700000] [id=8224]

Stack: [0x0000008c3c600000,0x0000008c3c700000]
Native frames: (J=compiled Java code, j=interpreted, Vv=VM code, C=native code)
V  [jvm.dll+0x670baa]
V  [jvm.dll+0x7cfcb4]
V  [jvm.dll+0x7d145e]
V  [jvm.dll+0x7d1ac3]
V  [jvm.dll+0x242bc5]
V  [jvm.dll+0x66dac9]
V  [jvm.dll+0x662412]
V  [jvm.dll+0x300c0b]
V  [jvm.dll+0x3081a6]
V  [jvm.dll+0x357d0e]
V  [jvm.dll+0x357f3f]
V  [jvm.dll+0x2d7ec8]
V  [jvm.dll+0x2d6194]
V  [jvm.dll+0x2d579c]
V  [jvm.dll+0x3190eb]
V  [jvm.dll+0x7d5f9b]
V  [jvm.dll+0x7d6cd4]
V  [jvm.dll+0x7d71ec]
V  [jvm.dll+0x7d75c4]
V  [jvm.dll+0x7d7690]
V  [jvm.dll+0x77ff7a]
V  [jvm.dll+0x66fa35]
C  [ucrtbase.dll+0x20e72]
C  [KERNEL32.DLL+0x17bd4]
C  [ntdll.dll+0x6ced1]

VM_Operation (0x0000008c403fcdc0): G1CollectForAllocation, mode: safepoint, requested by thread 0x000002060068d440


---------------  P R O C E S S  ---------------

Threads class SMR info:
_java_thread_list=0x0000020606715080, length=36, elements={
0x000002065a452660, 0x000002067dd26d70, 0x000002067dd29b00, 0x000002067e8105a0,
0x000002067e813e80, 0x000002067e818b50, 0x000002067e81b030, 0x000002067e81c840,
0x000002067e828260, 0x000002067e82a780, 0x000002067dd12e20, 0x000002067e94f260,
0x000002067e9521a0, 0x000002067ee4fea0, 0x000002067ee50780, 0x00000206005781c0,
0x0000020603a09130, 0x0000020603a09640, 0x0000020603a0a570, 0x0000020605a644c0,
0x0000020605a61c40, 0x000002060068b760, 0x000002060068d910, 0x00000206006860c0,
0x000002060068adc0, 0x000002060068bc30, 0x000002060068b290, 0x000002060068c100,
0x0000020600689a80, 0x000002060068c5d0, 0x000002060068caa0, 0x000002060068d440,
0x0000020600688c10, 0x00000206006890e0, 0x000002060068cf70, 0x0000020600686f30
}

Java Threads: ( => current thread )
  0x000002065a452660 JavaThread "main" [_thread_blocked, id=8912, stack(0x0000008c3c000000,0x0000008c3c100000)]
  0x000002067dd26d70 JavaThread "Reference Handler" daemon [_thread_blocked, id=5444, stack(0x0000008c3c700000,0x0000008c3c800000)]
  0x000002067dd29b00 JavaThread "Finalizer" daemon [_thread_blocked, id=10212, stack(0x0000008c3c800000,0x0000008c3c900000)]
  0x000002067e8105a0 JavaThread "Signal Dispatcher" daemon [_thread_blocked, id=10040, stack(0x0000008c3c900000,0x0000008c3ca00000)]
  0x000002067e813e80 JavaThread "Attach Listener" daemon [_thread_blocked, id=5932, stack(0x0000008c3ca00000,0x0000008c3cb00000)]
  0x000002067e818b50 JavaThread "Service Thread" daemon [_thread_blocked, id=3032, stack(0x0000008c3cb00000,0x0000008c3cc00000)]
  0x000002067e81b030 JavaThread "Monitor Deflation Thread" daemon [_thread_blocked, id=2592, stack(0x0000008c3cc00000,0x0000008c3cd00000)]
  0x000002067e81c840 JavaThread "C2 CompilerThread0" daemon [_thread_blocked, id=13744, stack(0x0000008c3cd00000,0x0000008c3ce00000)]
  0x000002067e828260 JavaThread "C1 CompilerThread0" daemon [_thread_blocked, id=12904, stack(0x0000008c3ce00000,0x0000008c3cf00000)]
  0x000002067e82a780 JavaThread "Sweeper thread" daemon [_thread_blocked, id=17564, stack(0x0000008c3cf00000,0x0000008c3d000000)]
  0x000002067dd12e20 JavaThread "Common-Cleaner" daemon [_thread_blocked, id=15304, stack(0x0000008c3d000000,0x0000008c3d100000)]
  0x000002067e94f260 JavaThread "C1 CompilerThread1" daemon [_thread_blocked, id=7008, stack(0x0000008c3d100000,0x0000008c3d200000)]
  0x000002067e9521a0 JavaThread "C1 CompilerThread2" daemon [_thread_blocked, id=16820, stack(0x0000008c3d200000,0x0000008c3d300000)]
  0x000002067ee4fea0 JavaThread "Monitor Ctrl-Break" daemon [_thread_in_native, id=4664, stack(0x0000008c3d400000,0x0000008c3d500000)]
  0x000002067ee50780 JavaThread "Notification Thread" daemon [_thread_blocked, id=5364, stack(0x0000008c3d500000,0x0000008c3d600000)]
  0x00000206005781c0 JavaThread "C1 CompilerThread3" daemon [_thread_blocked, id=15368, stack(0x0000008c3d900000,0x0000008c3da00000)]
  0x0000020603a09130 JavaThread "C2 CompilerThread1" daemon [_thread_blocked, id=6376, stack(0x0000008c3d700000,0x0000008c3d800000)]
  0x0000020603a09640 JavaThread "C2 CompilerThread2" daemon [_thread_blocked, id=8664, stack(0x0000008c3e300000,0x0000008c3e400000)]
  0x0000020603a0a570 JavaThread "C2 CompilerThread3" daemon [_thread_blocked, id=14132, stack(0x0000008c3f100000,0x0000008c3f200000)]
  0x0000020605a644c0 JavaThread "C2 CompilerThread4" daemon [_thread_blocked, id=16588, stack(0x0000008c3f200000,0x0000008c3f300000)]
  0x0000020605a61c40 JavaThread "C2 CompilerThread5" daemon [_thread_blocked, id=16212, stack(0x0000008c3f300000,0x0000008c3f400000)]
  0x000002060068b760 JavaThread "Worker-Bootstrap-1" daemon [_thread_blocked, id=12216, stack(0x0000008c3f900000,0x0000008c3fa00000)]
  0x000002060068d910 JavaThread "Worker-Bootstrap-2" daemon [_thread_blocked, id=15840, stack(0x0000008c3fa00000,0x0000008c3fb00000)]
  0x00000206006860c0 JavaThread "Worker-Bootstrap-3" daemon [_thread_blocked, id=7252, stack(0x0000008c3fb00000,0x0000008c3fc00000)]
  0x000002060068adc0 JavaThread "Worker-Bootstrap-4" daemon [_thread_blocked, id=17624, stack(0x0000008c3fc00000,0x0000008c3fd00000)]
  0x000002060068bc30 JavaThread "Worker-Bootstrap-5" daemon [_thread_blocked, id=15880, stack(0x0000008c3fd00000,0x0000008c3fe00000)]
  0x000002060068b290 JavaThread "Worker-Bootstrap-6" daemon [_thread_blocked, id=13500, stack(0x0000008c3fe00000,0x0000008c3ff00000)]
  0x000002060068c100 JavaThread "Worker-Bootstrap-7" daemon [_thread_blocked, id=17832, stack(0x0000008c3ff00000,0x0000008c40000000)]
  0x0000020600689a80 JavaThread "Worker-Bootstrap-8" daemon [_thread_blocked, id=17104, stack(0x0000008c40000000,0x0000008c40100000)]
  0x000002060068c5d0 JavaThread "Worker-Bootstrap-9" daemon [_thread_blocked, id=16932, stack(0x0000008c40100000,0x0000008c40200000)]
  0x000002060068caa0 JavaThread "Worker-Bootstrap-10" daemon [_thread_blocked, id=9716, stack(0x0000008c40200000,0x0000008c40300000)]
  0x000002060068d440 JavaThread "Worker-Bootstrap-11" daemon [_thread_blocked, id=17196, stack(0x0000008c40300000,0x0000008c40400000)]
  0x0000020600688c10 JavaThread "Worker-Bootstrap-12" daemon [_thread_blocked, id=15204, stack(0x0000008c40400000,0x0000008c40500000)]
  0x00000206006890e0 JavaThread "Worker-Bootstrap-13" daemon [_thread_blocked, id=7748, stack(0x0000008c40500000,0x0000008c40600000)]
  0x000002060068cf70 JavaThread "Worker-Bootstrap-14" daemon [_thread_blocked, id=9196, stack(0x0000008c40600000,0x0000008c40700000)]
  0x0000020600686f30 JavaThread "Worker-Bootstrap-15" daemon [_thread_blocked, id=14876, stack(0x0000008c40700000,0x0000008c40800000)]

Other Threads:
=>0x000002067dd219a0 VMThread "VM Thread" [stack: 0x0000008c3c600000,0x0000008c3c700000] [id=8224]
  0x000002067eccdc80 WatcherThread [stack: 0x0000008c3d600000,0x0000008c3d700000] [id=8164]
  0x000002065a4a47a0 GCTaskThread "GC Thread#0" [stack: 0x0000008c3c100000,0x0000008c3c200000] [id=11396]
  0x0000020600595aa0 GCTaskThread "GC Thread#1" [stack: 0x0000008c3da00000,0x0000008c3db00000] [id=11072]
  0x000002060036fdb0 GCTaskThread "GC Thread#2" [stack: 0x0000008c3db00000,0x0000008c3dc00000] [id=13140]
  0x0000020600370060 GCTaskThread "GC Thread#3" [stack: 0x0000008c3dc00000,0x0000008c3dd00000] [id=13512]
  0x0000020600370310 GCTaskThread "GC Thread#4" [stack: 0x0000008c3dd00000,0x0000008c3de00000] [id=13588]
  0x00000206003705c0 GCTaskThread "GC Thread#5" [stack: 0x0000008c3de00000,0x0000008c3df00000] [id=15688]
  0x000002060049de50 GCTaskThread "GC Thread#6" [stack: 0x0000008c3d300000,0x0000008c3d400000] [id=2468]
  0x000002060061cfe0 GCTaskThread "GC Thread#7" [stack: 0x0000008c3d800000,0x0000008c3d900000] [id=15596]
  0x0000020600769800 GCTaskThread "GC Thread#8" [stack: 0x0000008c3df00000,0x0000008c3e000000] [id=17668]
  0x00000206004a8c00 GCTaskThread "GC Thread#9" [stack: 0x0000008c3e000000,0x0000008c3e100000] [id=8872]
  0x00000206004a96c0 GCTaskThread "GC Thread#10" [stack: 0x0000008c3e100000,0x0000008c3e200000] [id=17036]
  0x0000020600492480 GCTaskThread "GC Thread#11" [stack: 0x0000008c3e200000,0x0000008c3e300000] [id=18204]
  0x00000206006d21a0 GCTaskThread "GC Thread#12" [stack: 0x0000008c3e400000,0x0000008c3e500000] [id=17476]
  0x000002065a4b64d0 ConcurrentGCThread "G1 Main Marker" [stack: 0x0000008c3c200000,0x0000008c3c300000] [id=7736]
  0x000002065a4b7590 ConcurrentGCThread "G1 Conc#0" [stack: 0x0000008c3c300000,0x0000008c3c400000] [id=13960]
  0x00000206006d1c40 ConcurrentGCThread "G1 Conc#1" [stack: 0x0000008c3f400000,0x0000008c3f500000] [id=18116]
  0x00000206006d29b0 ConcurrentGCThread "G1 Conc#2" [stack: 0x0000008c3f500000,0x0000008c3f600000] [id=4416]
  0x000002067dbda5f0 ConcurrentGCThread "G1 Refine#0" [stack: 0x0000008c3c400000,0x0000008c3c500000] [id=14788]
  0x0000020602118190 ConcurrentGCThread "G1 Refine#1" [stack: 0x0000008c3e500000,0x0000008c3e600000] [id=16548]
  0x00000206008bf110 ConcurrentGCThread "G1 Refine#2" [stack: 0x0000008c3e600000,0x0000008c3e700000] [id=6992]
  0x00000206008bf3f0 ConcurrentGCThread "G1 Refine#3" [stack: 0x0000008c3e700000,0x0000008c3e800000] [id=5024]
  0x0000020601c6c0a0 ConcurrentGCThread "G1 Refine#4" [stack: 0x0000008c3e800000,0x0000008c3e900000] [id=11040]
  0x0000020601c6c380 ConcurrentGCThread "G1 Refine#5" [stack: 0x0000008c3e900000,0x0000008c3ea00000] [id=6648]
  0x0000020601f47650 ConcurrentGCThread "G1 Refine#6" [stack: 0x0000008c3ea00000,0x0000008c3eb00000] [id=17820]
  0x0000020600e2e5a0 ConcurrentGCThread "G1 Refine#7" [stack: 0x0000008c3eb00000,0x0000008c3ec00000] [id=18268]
  0x0000020601f47930 ConcurrentGCThread "G1 Refine#8" [stack: 0x0000008c3ec00000,0x0000008c3ed00000] [id=17604]
  0x0000020600888060 ConcurrentGCThread "G1 Refine#9" [stack: 0x0000008c3ed00000,0x0000008c3ee00000] [id=13708]
  0x0000020600888340 ConcurrentGCThread "G1 Refine#10" [stack: 0x0000008c3ee00000,0x0000008c3ef00000] [id=6388]
  0x0000020600e92bc0 ConcurrentGCThread "G1 Refine#11" [stack: 0x0000008c3ef00000,0x0000008c3f000000] [id=17180]
  0x0000020600950850 ConcurrentGCThread "G1 Refine#12" [stack: 0x0000008c3f000000,0x0000008c3f100000] [id=17792]
  0x000002067dbdbe30 ConcurrentGCThread "G1 Service" [stack: 0x0000008c3c500000,0x0000008c3c600000] [id=11960]

Threads with active compile tasks:
C2 CompilerThread0     6319 7953       4       java.util.BitSet::or (105 bytes)
C2 CompilerThread2     6319 7930       4       com.mojang.datafixers.functions.PointFreeRule$CataFuseDifferent::doRewrite (452 bytes)
C2 CompilerThread3     6319 7947       4       java.lang.PublicMethods$MethodList::filter (104 bytes)
C2 CompilerThread5     6319 7926       4       com.mojang.datafixers.functions.PointFreeRule$CataFuseSame::doRewrite (281 bytes)

VM state: at safepoint (normal execution)

VM Mutex/Monitor currently owned by a thread:  ([mutex/lock_event])
[0x000002065a44cae0] Threads_lock - owner thread: 0x000002067dd219a0
[0x000002065a44cc00] Heap_lock - owner thread: 0x000002060068d440

Heap address: 0x0000000701200000, size: 4078 MB, Compressed Oops mode: Zero based, Oop shift amount: 3

CDS archive(s) mapped at: [0x0000000800000000-0x0000000800bc0000-0x0000000800bc0000), size 12320768, SharedBaseAddress: 0x0000000800000000, ArchiveRelocationMode: 0.
Compressed class space mapped at: 0x0000000800c00000-0x0000000840c00000, reserved size: 1073741824
Narrow klass base: 0x0000000800000000, Narrow klass shift: 0, Narrow klass range: 0x100000000

GC Precious Log:
 CPUs: 16 total, 16 available
 Memory: 16309M
 Large Page Support: Disabled
 NUMA Support: Disabled
 Compressed Oops: Enabled (Zero based)
 Heap Region Size: 2M
 Heap Min Capacity: 8M
 Heap Initial Capacity: 256M
 Heap Max Capacity: 4078M
 Pre-touch: Disabled
 Parallel Workers: 13
 Concurrent Workers: 3
 Concurrent Refinement Workers: 13
 Periodic GC: Disabled

Heap:
 garbage-first heap   total 493568K, used 255013K [0x0000000701200000, 0x0000000800000000)
  region size 2048K, 6 young (12288K), 6 survivors (12288K)
 Metaspace       used 44937K, committed 45504K, reserved 1089536K
  class space    used 6254K, committed 6528K, reserved 1048576K

Heap Regions: E=young(eden), S=young(survivor), O=old, HS=humongous(starts), HC=humongous(continues), CS=collection set, F=free, OA=open archive, CA=closed archive, TAMS=top-at-mark-start (previous, next)
|   0|0x0000000701200000, 0x0000000701400000, 0x0000000701400000|100%|HS|  |TAMS 0x0000000701400000, 0x0000000701200000| Complete 
|   1|0x0000000701400000, 0x0000000701600000, 0x0000000701600000|100%|HS|  |TAMS 0x0000000701600000, 0x0000000701400000| Complete 
|   2|0x0000000701600000, 0x0000000701800000, 0x0000000701800000|100%|HC|  |TAMS 0x0000000701800000, 0x0000000701600000| Complete 
|   3|0x0000000701800000, 0x0000000701a00000, 0x0000000701a00000|100%| O|  |TAMS 0x0000000701800000, 0x0000000701800000| Untracked 
|   4|0x0000000701a00000, 0x0000000701c00000, 0x0000000701c00000|100%| O|  |TAMS 0x0000000701a00000, 0x0000000701a00000| Untracked 
|   5|0x0000000701c00000, 0x0000000701e00000, 0x0000000701e00000|100%| O|  |TAMS 0x0000000701e00000, 0x0000000701c00000| Untracked 
|   6|0x0000000701e00000, 0x0000000702000000, 0x0000000702000000|100%| O|  |TAMS 0x0000000702000000, 0x0000000701e00000| Untracked 
|   7|0x0000000702000000, 0x0000000702200000, 0x0000000702200000|100%| O|  |TAMS 0x0000000702200000, 0x0000000702000000| Untracked 
|   8|0x0000000702200000, 0x0000000702400000, 0x0000000702400000|100%| O|  |TAMS 0x0000000702400000, 0x0000000702200000| Untracked 
|   9|0x0000000702400000, 0x0000000702600000, 0x0000000702600000|100%| O|  |TAMS 0x0000000702600000, 0x0000000702400000| Untracked 
|  10|0x0000000702600000, 0x0000000702800000, 0x0000000702800000|100%| O|  |TAMS 0x0000000702800000, 0x0000000702600000| Untracked 
|  11|0x0000000702800000, 0x0000000702a00000, 0x0000000702a00000|100%| O|  |TAMS 0x0000000702a00000, 0x0000000702800000| Untracked 
|  12|0x0000000702a00000, 0x0000000702c00000, 0x0000000702c00000|100%| O|  |TAMS 0x0000000702c00000, 0x0000000702a00000| Untracked 
|  13|0x0000000702c00000, 0x0000000702e00000, 0x0000000702e00000|100%| O|  |TAMS 0x0000000702e00000, 0x0000000702c00000| Untracked 
|  14|0x0000000702e00000, 0x0000000703000000, 0x0000000703000000|100%| O|  |TAMS 0x0000000703000000, 0x0000000702e00000| Untracked 
|  15|0x0000000703000000, 0x0000000703200000, 0x0000000703200000|100%| O|  |TAMS 0x0000000703200000, 0x0000000703000000| Untracked 
|  16|0x0000000703200000, 0x0000000703400000, 0x0000000703400000|100%| O|  |TAMS 0x0000000703400000, 0x0000000703200000| Untracked 
|  17|0x0000000703400000, 0x0000000703600000, 0x0000000703600000|100%| O|  |TAMS 0x0000000703600000, 0x0000000703400000| Untracked 
|  18|0x0000000703600000, 0x0000000703800000, 0x0000000703800000|100%| O|  |TAMS 0x0000000703800000, 0x0000000703600000| Untracked 
|  19|0x0000000703800000, 0x0000000703a00000, 0x0000000703a00000|100%| O|  |TAMS 0x0000000703a00000, 0x0000000703800000| Untracked 
|  20|0x0000000703a00000, 0x0000000703c00000, 0x0000000703c00000|100%| O|  |TAMS 0x0000000703c00000, 0x0000000703a00000| Untracked 
|  21|0x0000000703c00000, 0x0000000703e00000, 0x0000000703e00000|100%| O|  |TAMS 0x0000000703e00000, 0x0000000703c00000| Untracked 
|  22|0x0000000703e00000, 0x0000000704000000, 0x0000000704000000|100%| O|  |TAMS 0x0000000704000000, 0x0000000703e00000| Untracked 
|  23|0x0000000704000000, 0x0000000704200000, 0x0000000704200000|100%| O|  |TAMS 0x0000000704200000, 0x0000000704000000| Untracked 
|  24|0x0000000704200000, 0x0000000704400000, 0x0000000704400000|100%| O|  |TAMS 0x0000000704400000, 0x0000000704200000| Untracked 
|  25|0x0000000704400000, 0x0000000704600000, 0x0000000704600000|100%| O|  |TAMS 0x0000000704600000, 0x0000000704400000| Untracked 
|  26|0x0000000704600000, 0x0000000704800000, 0x0000000704800000|100%| O|  |TAMS 0x0000000704800000, 0x0000000704600000| Untracked 
|  27|0x0000000704800000, 0x0000000704a00000, 0x0000000704a00000|100%| O|  |TAMS 0x0000000704a00000, 0x0000000704800000| Untracked 
|  28|0x0000000704a00000, 0x0000000704c00000, 0x0000000704c00000|100%| O|  |TAMS 0x0000000704c00000, 0x0000000704a00000| Untracked 
|  29|0x0000000704c00000, 0x0000000704e00000, 0x0000000704e00000|100%| O|  |TAMS 0x0000000704e00000, 0x0000000704c00000| Untracked 
|  30|0x0000000704e00000, 0x0000000705000000, 0x0000000705000000|100%| O|  |TAMS 0x0000000705000000, 0x0000000704e00000| Untracked 
|  31|0x0000000705000000, 0x0000000705200000, 0x0000000705200000|100%| O|  |TAMS 0x0000000705200000, 0x0000000705000000| Untracked 
|  32|0x0000000705200000, 0x0000000705400000, 0x0000000705400000|100%| O|  |TAMS 0x0000000705400000, 0x0000000705200000| Untracked 
|  33|0x0000000705400000, 0x0000000705600000, 0x0000000705600000|100%| O|  |TAMS 0x0000000705600000, 0x0000000705400000| Untracked 
|  34|0x0000000705600000, 0x0000000705800000, 0x0000000705800000|100%| O|  |TAMS 0x0000000705800000, 0x0000000705600000| Untracked 
|  35|0x0000000705800000, 0x0000000705a00000, 0x0000000705a00000|100%| O|  |TAMS 0x0000000705a00000, 0x0000000705800000| Untracked 
|  36|0x0000000705a00000, 0x0000000705c00000, 0x0000000705c00000|100%| O|  |TAMS 0x0000000705c00000, 0x0000000705a00000| Untracked 
|  37|0x0000000705c00000, 0x0000000705e00000, 0x0000000705e00000|100%|HS|  |TAMS 0x0000000705c00000, 0x0000000705c00000| Complete 
|  38|0x0000000705e00000, 0x0000000706000000, 0x0000000706000000|100%|HS|  |TAMS 0x0000000706000000, 0x0000000705e00000| Complete 
|  39|0x0000000706000000, 0x0000000706200000, 0x0000000706200000|100%|HC|  |TAMS 0x0000000706200000, 0x0000000706000000| Complete 
|  40|0x0000000706200000, 0x0000000706400000, 0x0000000706400000|100%|HC|  |TAMS 0x0000000706400000, 0x0000000706200000| Complete 
|  41|0x0000000706400000, 0x0000000706600000, 0x0000000706600000|100%|HC|  |TAMS 0x0000000706600000, 0x0000000706400000| Complete 
|  42|0x0000000706600000, 0x0000000706800000, 0x0000000706800000|100%|HC|  |TAMS 0x0000000706800000, 0x0000000706600000| Complete 
|  43|0x0000000706800000, 0x0000000706a00000, 0x0000000706a00000|100%|HC|  |TAMS 0x0000000706a00000, 0x0000000706800000| Complete 
|  44|0x0000000706a00000, 0x0000000706c00000, 0x0000000706c00000|100%| O|  |TAMS 0x0000000706c00000, 0x0000000706a00000| Untracked 
|  45|0x0000000706c00000, 0x0000000706e00000, 0x0000000706e00000|100%| O|  |TAMS 0x0000000706e00000, 0x0000000706c00000| Untracked 
|  46|0x0000000706e00000, 0x0000000707000000, 0x0000000707000000|100%| O|  |TAMS 0x0000000707000000, 0x0000000706e00000| Untracked 
|  47|0x0000000707000000, 0x0000000707200000, 0x0000000707200000|100%| O|  |TAMS 0x0000000707200000, 0x0000000707000000| Untracked 
|  48|0x0000000707200000, 0x0000000707400000, 0x0000000707400000|100%| O|  |TAMS 0x0000000707400000, 0x0000000707200000| Untracked 
|  49|0x0000000707400000, 0x0000000707600000, 0x0000000707600000|100%| O|  |TAMS 0x0000000707600000, 0x0000000707400000| Untracked 
|  50|0x0000000707600000, 0x0000000707800000, 0x0000000707800000|100%| O|  |TAMS 0x0000000707800000, 0x0000000707600000| Untracked 
|  51|0x0000000707800000, 0x0000000707a00000, 0x0000000707a00000|100%| O|  |TAMS 0x0000000707a00000, 0x0000000707800000| Untracked 
|  52|0x0000000707a00000, 0x0000000707c00000, 0x0000000707c00000|100%| O|  |TAMS 0x0000000707c00000, 0x0000000707a00000| Untracked 
|  53|0x0000000707c00000, 0x0000000707e00000, 0x0000000707e00000|100%| O|  |TAMS 0x0000000707e00000, 0x0000000707c00000| Untracked 
|  54|0x0000000707e00000, 0x0000000708000000, 0x0000000708000000|100%| O|  |TAMS 0x0000000708000000, 0x0000000707e00000| Untracked 
|  55|0x0000000708000000, 0x0000000708200000, 0x0000000708200000|100%| O|  |TAMS 0x0000000708200000, 0x0000000708000000| Untracked 
|  56|0x0000000708200000, 0x0000000708400000, 0x0000000708400000|100%| O|  |TAMS 0x0000000708400000, 0x0000000708200000| Untracked 
|  57|0x0000000708400000, 0x0000000708600000, 0x0000000708600000|100%| O|  |TAMS 0x0000000708600000, 0x0000000708400000| Untracked 
|  58|0x0000000708600000, 0x0000000708800000, 0x0000000708800000|100%| O|  |TAMS 0x0000000708800000, 0x0000000708600000| Untracked 
|  59|0x0000000708800000, 0x0000000708a00000, 0x0000000708a00000|100%| O|  |TAMS 0x0000000708a00000, 0x0000000708800000| Untracked 
|  60|0x0000000708a00000, 0x0000000708c00000, 0x0000000708c00000|100%| O|  |TAMS 0x0000000708c00000, 0x0000000708a00000| Untracked 
|  61|0x0000000708c00000, 0x0000000708e00000, 0x0000000708e00000|100%| O|  |TAMS 0x0000000708e00000, 0x0000000708c00000| Untracked 
|  62|0x0000000708e00000, 0x0000000709000000, 0x0000000709000000|100%| O|  |TAMS 0x0000000709000000, 0x0000000708e00000| Untracked 
|  63|0x0000000709000000, 0x0000000709200000, 0x0000000709200000|100%| O|  |TAMS 0x0000000709200000, 0x0000000709000000| Untracked 
|  64|0x0000000709200000, 0x0000000709400000, 0x0000000709400000|100%| O|  |TAMS 0x0000000709400000, 0x0000000709200000| Untracked 
|  65|0x0000000709400000, 0x0000000709600000, 0x0000000709600000|100%| O|  |TAMS 0x0000000709600000, 0x0000000709400000| Untracked 
|  66|0x0000000709600000, 0x0000000709800000, 0x0000000709800000|100%| O|  |TAMS 0x0000000709800000, 0x0000000709600000| Untracked 
|  67|0x0000000709800000, 0x0000000709a00000, 0x0000000709a00000|100%| O|  |TAMS 0x00000007099c2a00, 0x0000000709800000| Untracked 
|  68|0x0000000709a00000, 0x0000000709c00000, 0x0000000709c00000|100%| O|  |TAMS 0x0000000709a00000, 0x0000000709a00000| Untracked 
|  69|0x0000000709c00000, 0x0000000709e00000, 0x0000000709e00000|100%| O|  |TAMS 0x0000000709c00000, 0x0000000709c00000| Untracked 
|  70|0x0000000709e00000, 0x000000070a000000, 0x000000070a000000|100%| O|  |TAMS 0x0000000709e00000, 0x0000000709e00000| Untracked 
|  71|0x000000070a000000, 0x000000070a200000, 0x000000070a200000|100%| O|  |TAMS 0x000000070a000000, 0x000000070a000000| Untracked 
|  72|0x000000070a200000, 0x000000070a400000, 0x000000070a400000|100%| O|  |TAMS 0x000000070a200000, 0x000000070a200000| Untracked 
|  73|0x000000070a400000, 0x000000070a600000, 0x000000070a600000|100%| O|  |TAMS 0x000000070a400000, 0x000000070a400000| Untracked 
|  74|0x000000070a600000, 0x000000070a800000, 0x000000070a800000|100%| O|  |TAMS 0x000000070a600000, 0x000000070a600000| Untracked 
|  75|0x000000070a800000, 0x000000070aa00000, 0x000000070aa00000|100%| O|  |TAMS 0x000000070a800000, 0x000000070a800000| Untracked 
|  76|0x000000070aa00000, 0x000000070ac00000, 0x000000070ac00000|100%| O|  |TAMS 0x000000070aa00000, 0x000000070aa00000| Untracked 
|  77|0x000000070ac00000, 0x000000070ae00000, 0x000000070ae00000|100%| O|  |TAMS 0x000000070ac00000, 0x000000070ac00000| Untracked 
|  78|0x000000070ae00000, 0x000000070b000000, 0x000000070b000000|100%| O|  |TAMS 0x000000070ae00000, 0x000000070ae00000| Untracked 
|  79|0x000000070b000000, 0x000000070b200000, 0x000000070b200000|100%| O|  |TAMS 0x000000070b000000, 0x000000070b000000| Untracked 
|  80|0x000000070b200000, 0x000000070b400000, 0x000000070b400000|100%| O|  |TAMS 0x000000070b200000, 0x000000070b200000| Untracked 
|  81|0x000000070b400000, 0x000000070b600000, 0x000000070b600000|100%| O|  |TAMS 0x000000070b400000, 0x000000070b400000| Untracked 
|  82|0x000000070b600000, 0x000000070b800000, 0x000000070b800000|100%| O|  |TAMS 0x000000070b600000, 0x000000070b600000| Untracked 
|  83|0x000000070b800000, 0x000000070ba00000, 0x000000070ba00000|100%| O|  |TAMS 0x000000070b800000, 0x000000070b800000| Untracked 
|  84|0x000000070ba00000, 0x000000070bc00000, 0x000000070bc00000|100%| O|  |TAMS 0x000000070ba00000, 0x000000070ba00000| Untracked 
|  85|0x000000070bc00000, 0x000000070be00000, 0x000000070be00000|100%| O|  |TAMS 0x000000070bc00000, 0x000000070bc00000| Untracked 
|  86|0x000000070be00000, 0x000000070c000000, 0x000000070c000000|100%| O|  |TAMS 0x000000070be00000, 0x000000070be00000| Untracked 
|  87|0x000000070c000000, 0x000000070c200000, 0x000000070c200000|100%| O|  |TAMS 0x000000070c000000, 0x000000070c000000| Untracked 
|  88|0x000000070c200000, 0x000000070c400000, 0x000000070c400000|100%| O|  |TAMS 0x000000070c200000, 0x000000070c200000| Untracked 
|  89|0x000000070c400000, 0x000000070c600000, 0x000000070c600000|100%| O|  |TAMS 0x000000070c400000, 0x000000070c400000| Untracked 
|  90|0x000000070c600000, 0x000000070c800000, 0x000000070c800000|100%| O|  |TAMS 0x000000070c600000, 0x000000070c600000| Untracked 
|  91|0x000000070c800000, 0x000000070ca00000, 0x000000070ca00000|100%| O|  |TAMS 0x000000070c800000, 0x000000070c800000| Untracked 
|  92|0x000000070ca00000, 0x000000070cc00000, 0x000000070cc00000|100%| O|  |TAMS 0x000000070ca00000, 0x000000070ca00000| Untracked 
|  93|0x000000070cc00000, 0x000000070ce00000, 0x000000070ce00000|100%| O|  |TAMS 0x000000070cc00000, 0x000000070cc00000| Untracked 
|  94|0x000000070ce00000, 0x000000070d000000, 0x000000070d000000|100%| O|  |TAMS 0x000000070ce00000, 0x000000070ce00000| Untracked 
|  95|0x000000070d000000, 0x000000070d200000, 0x000000070d200000|100%| O|  |TAMS 0x000000070d000000, 0x000000070d000000| Untracked 
|  96|0x000000070d200000, 0x000000070d400000, 0x000000070d400000|100%| O|  |TAMS 0x000000070d200000, 0x000000070d200000| Untracked 
|  97|0x000000070d400000, 0x000000070d600000, 0x000000070d600000|100%| O|  |TAMS 0x000000070d400000, 0x000000070d400000| Untracked 
|  98|0x000000070d600000, 0x000000070d800000, 0x000000070d800000|100%| O|  |TAMS 0x000000070d600000, 0x000000070d600000| Untracked 
|  99|0x000000070d800000, 0x000000070da00000, 0x000000070da00000|100%| O|  |TAMS 0x000000070d800000, 0x000000070d800000| Untracked 
| 100|0x000000070da00000, 0x000000070dc00000, 0x000000070dc00000|100%| O|  |TAMS 0x000000070da00000, 0x000000070da00000| Untracked 
| 101|0x000000070dc00000, 0x000000070de00000, 0x000000070de00000|100%| O|  |TAMS 0x000000070dc00000, 0x000000070dc00000| Untracked 
| 102|0x000000070de00000, 0x000000070e000000, 0x000000070e000000|100%| O|  |TAMS 0x000000070de00000, 0x000000070de00000| Untracked 
| 103|0x000000070e000000, 0x000000070e200000, 0x000000070e200000|100%| O|  |TAMS 0x000000070e000000, 0x000000070e000000| Untracked 
| 104|0x000000070e200000, 0x000000070e400000, 0x000000070e400000|100%| O|  |TAMS 0x000000070e200000, 0x000000070e200000| Untracked 
| 105|0x000000070e400000, 0x000000070e600000, 0x000000070e600000|100%| O|  |TAMS 0x000000070e400000, 0x000000070e400000| Untracked 
| 106|0x000000070e600000, 0x000000070e800000, 0x000000070e800000|100%| O|  |TAMS 0x000000070e600000, 0x000000070e600000| Untracked 
| 107|0x000000070e800000, 0x000000070ea00000, 0x000000070ea00000|100%| O|  |TAMS 0x000000070e800000, 0x000000070e800000| Untracked 
| 108|0x000000070ea00000, 0x000000070ec00000, 0x000000070ec00000|100%| O|  |TAMS 0x000000070ea00000, 0x000000070ea00000| Untracked 
| 109|0x000000070ec00000, 0x000000070ee00000, 0x000000070ee00000|100%| O|  |TAMS 0x000000070ec00000, 0x000000070ec00000| Untracked 
| 110|0x000000070ee00000, 0x000000070f000000, 0x000000070f000000|100%| O|  |TAMS 0x000000070ee00000, 0x000000070ee00000| Untracked 
| 111|0x000000070f000000, 0x000000070f200000, 0x000000070f200000|100%| O|  |TAMS 0x000000070f000000, 0x000000070f000000| Untracked 
| 112|0x000000070f200000, 0x000000070f400000, 0x000000070f400000|100%| O|  |TAMS 0x000000070f200000, 0x000000070f200000| Untracked 
| 113|0x000000070f400000, 0x000000070f600000, 0x000000070f600000|100%| O|  |TAMS 0x000000070f400000, 0x000000070f400000| Untracked 
| 114|0x000000070f600000, 0x000000070f800000, 0x000000070f800000|100%| O|  |TAMS 0x000000070f600000, 0x000000070f600000| Untracked 
| 115|0x000000070f800000, 0x000000070fa00000, 0x000000070fa00000|100%| O|  |TAMS 0x000000070f800000, 0x000000070f800000| Untracked 
| 116|0x000000070fa00000, 0x000000070fc00000, 0x000000070fc00000|100%| O|  |TAMS 0x000000070fa00000, 0x000000070fa00000| Untracked 
| 117|0x000000070fc00000, 0x000000070fe00000, 0x000000070fe00000|100%| O|  |TAMS 0x000000070fc00000, 0x000000070fc00000| Untracked 
| 118|0x000000070fe00000, 0x000000070ff8dc00, 0x0000000710000000| 77%| O|  |TAMS 0x000000070fe00000, 0x000000070fe00000| Untracked 
| 119|0x0000000710000000, 0x0000000710000000, 0x0000000710200000|  0%| F|  |TAMS 0x0000000710000000, 0x0000000710000000| Untracked 
| 120|0x0000000710200000, 0x0000000710200000, 0x0000000710400000|  0%| F|  |TAMS 0x0000000710200000, 0x0000000710200000| Untracked 
| 121|0x0000000710400000, 0x0000000710400000, 0x0000000710600000|  0%| F|  |TAMS 0x0000000710400000, 0x0000000710400000| Untracked 
| 122|0x0000000710600000, 0x0000000710600000, 0x0000000710800000|  0%| F|  |TAMS 0x0000000710600000, 0x0000000710600000| Untracked 
| 123|0x0000000710800000, 0x0000000710800000, 0x0000000710a00000|  0%| F|  |TAMS 0x0000000710800000, 0x0000000710800000| Untracked 
| 124|0x0000000710a00000, 0x0000000710a00000, 0x0000000710c00000|  0%| F|  |TAMS 0x0000000710a00000, 0x0000000710a00000| Untracked 
| 125|0x0000000710c00000, 0x0000000710c00000, 0x0000000710e00000|  0%| F|  |TAMS 0x0000000710c00000, 0x0000000710c00000| Untracked 
| 126|0x0000000710e00000, 0x0000000710e00000, 0x0000000711000000|  0%| F|  |TAMS 0x0000000710e00000, 0x0000000710e00000| Untracked 
| 127|0x0000000711000000, 0x0000000711000000, 0x0000000711200000|  0%| F|  |TAMS 0x0000000711000000, 0x0000000711000000| Untracked 
| 128|0x0000000711200000, 0x0000000711200000, 0x0000000711400000|  0%| F|  |TAMS 0x0000000711200000, 0x0000000711200000| Untracked 
| 129|0x0000000711400000, 0x0000000711400000, 0x0000000711600000|  0%| F|  |TAMS 0x0000000711400000, 0x0000000711400000| Untracked 
| 130|0x0000000711600000, 0x0000000711600000, 0x0000000711800000|  0%| F|  |TAMS 0x0000000711600000, 0x0000000711600000| Untracked 
| 131|0x0000000711800000, 0x0000000711800000, 0x0000000711a00000|  0%| F|  |TAMS 0x0000000711800000, 0x0000000711800000| Untracked 
| 132|0x0000000711a00000, 0x0000000711a00000, 0x0000000711c00000|  0%| F|  |TAMS 0x0000000711a00000, 0x0000000711a00000| Untracked 
| 133|0x0000000711c00000, 0x0000000711c00000, 0x0000000711e00000|  0%| F|  |TAMS 0x0000000711c00000, 0x0000000711c00000| Untracked 
| 134|0x0000000711e00000, 0x0000000711e00000, 0x0000000712000000|  0%| F|  |TAMS 0x0000000711e00000, 0x0000000711e00000| Untracked 
| 135|0x0000000712000000, 0x0000000712000000, 0x0000000712200000|  0%| F|  |TAMS 0x0000000712000000, 0x0000000712000000| Untracked 
| 136|0x0000000712200000, 0x0000000712200000, 0x0000000712400000|  0%| F|  |TAMS 0x0000000712200000, 0x0000000712200000| Untracked 
| 137|0x0000000712400000, 0x0000000712400000, 0x0000000712600000|  0%| F|  |TAMS 0x0000000712400000, 0x0000000712400000| Untracked 
| 138|0x0000000712600000, 0x0000000712600000, 0x0000000712800000|  0%| F|  |TAMS 0x0000000712600000, 0x0000000712600000| Untracked 
| 139|0x0000000712800000, 0x0000000712800000, 0x0000000712a00000|  0%| F|  |TAMS 0x0000000712800000, 0x0000000712800000| Untracked 
| 140|0x0000000712a00000, 0x0000000712a00000, 0x0000000712c00000|  0%| F|  |TAMS 0x0000000712a00000, 0x0000000712a00000| Untracked 
| 141|0x0000000712c00000, 0x0000000712c00000, 0x0000000712e00000|  0%| F|  |TAMS 0x0000000712c00000, 0x0000000712c00000| Untracked 
| 142|0x0000000712e00000, 0x0000000712e00000, 0x0000000713000000|  0%| F|  |TAMS 0x0000000712e00000, 0x0000000712e00000| Untracked 
| 143|0x0000000713000000, 0x0000000713000000, 0x0000000713200000|  0%| F|  |TAMS 0x0000000713000000, 0x0000000713000000| Untracked 
| 144|0x0000000713200000, 0x0000000713200000, 0x0000000713400000|  0%| F|  |TAMS 0x0000000713200000, 0x0000000713200000| Untracked 
| 145|0x0000000713400000, 0x0000000713400000, 0x0000000713600000|  0%| F|  |TAMS 0x0000000713400000, 0x0000000713400000| Untracked 
| 146|0x0000000713600000, 0x0000000713600000, 0x0000000713800000|  0%| F|  |TAMS 0x0000000713600000, 0x0000000713600000| Untracked 
| 147|0x0000000713800000, 0x0000000713800000, 0x0000000713a00000|  0%| F|  |TAMS 0x0000000713800000, 0x0000000713800000| Untracked 
| 148|0x0000000713a00000, 0x0000000713a00000, 0x0000000713c00000|  0%| F|  |TAMS 0x0000000713a00000, 0x0000000713a00000| Untracked 
| 149|0x0000000713c00000, 0x0000000713c00000, 0x0000000713e00000|  0%| F|  |TAMS 0x0000000713c00000, 0x0000000713c00000| Untracked 
| 150|0x0000000713e00000, 0x0000000713e00000, 0x0000000714000000|  0%| F|  |TAMS 0x0000000713e00000, 0x0000000713e00000| Untracked 
| 151|0x0000000714000000, 0x0000000714000000, 0x0000000714200000|  0%| F|  |TAMS 0x0000000714000000, 0x0000000714000000| Untracked 
| 152|0x0000000714200000, 0x0000000714200000, 0x0000000714400000|  0%| F|  |TAMS 0x0000000714200000, 0x0000000714200000| Untracked 
| 153|0x0000000714400000, 0x0000000714400000, 0x0000000714600000|  0%| F|  |TAMS 0x0000000714400000, 0x0000000714400000| Untracked 
| 154|0x0000000714600000, 0x0000000714600000, 0x0000000714800000|  0%| F|  |TAMS 0x0000000714600000, 0x0000000714600000| Untracked 
| 155|0x0000000714800000, 0x0000000714800000, 0x0000000714a00000|  0%| F|  |TAMS 0x0000000714800000, 0x0000000714800000| Untracked 
| 156|0x0000000714a00000, 0x0000000714a00000, 0x0000000714c00000|  0%| F|  |TAMS 0x0000000714a00000, 0x0000000714a00000| Untracked 
| 157|0x0000000714c00000, 0x0000000714c00000, 0x0000000714e00000|  0%| F|  |TAMS 0x0000000714c00000, 0x0000000714c00000| Untracked 
| 158|0x0000000714e00000, 0x0000000714e00000, 0x0000000715000000|  0%| F|  |TAMS 0x0000000714e00000, 0x0000000714e00000| Untracked 
| 159|0x0000000715000000, 0x0000000715000000, 0x0000000715200000|  0%| F|  |TAMS 0x0000000715000000, 0x0000000715000000| Untracked 
| 160|0x0000000715200000, 0x0000000715200000, 0x0000000715400000|  0%| F|  |TAMS 0x0000000715200000, 0x0000000715200000| Untracked 
| 161|0x0000000715400000, 0x0000000715400000, 0x0000000715600000|  0%| F|  |TAMS 0x0000000715400000, 0x0000000715400000| Untracked 
| 162|0x0000000715600000, 0x000000071577bbc0, 0x0000000715800000| 74%| S|CS|TAMS 0x0000000715600000, 0x0000000715600000| Complete 
| 163|0x0000000715800000, 0x0000000715a00000, 0x0000000715a00000|100%| S|CS|TAMS 0x0000000715800000, 0x0000000715800000| Complete 
| 164|0x0000000715a00000, 0x0000000715c00000, 0x0000000715c00000|100%| S|CS|TAMS 0x0000000715a00000, 0x0000000715a00000| Complete 
| 165|0x0000000715c00000, 0x0000000715e00000, 0x0000000715e00000|100%| S|CS|TAMS 0x0000000715c00000, 0x0000000715c00000| Complete 
| 166|0x0000000715e00000, 0x0000000716000000, 0x0000000716000000|100%| S|CS|TAMS 0x0000000715e00000, 0x0000000715e00000| Complete 
| 167|0x0000000716000000, 0x0000000716200000, 0x0000000716200000|100%| S|CS|TAMS 0x0000000716000000, 0x0000000716000000| Complete 
| 168|0x0000000716200000, 0x0000000716200000, 0x0000000716400000|  0%| F|  |TAMS 0x0000000716200000, 0x0000000716200000| Untracked 
| 169|0x0000000716400000, 0x0000000716400000, 0x0000000716600000|  0%| F|  |TAMS 0x0000000716400000, 0x0000000716400000| Untracked 
| 170|0x0000000716600000, 0x0000000716600000, 0x0000000716800000|  0%| F|  |TAMS 0x0000000716600000, 0x0000000716600000| Untracked 
| 171|0x0000000716800000, 0x0000000716800000, 0x0000000716a00000|  0%| F|  |TAMS 0x0000000716800000, 0x0000000716800000| Untracked 
| 172|0x0000000716a00000, 0x0000000716a00000, 0x0000000716c00000|  0%| F|  |TAMS 0x0000000716a00000, 0x0000000716a00000| Untracked 
| 173|0x0000000716c00000, 0x0000000716c00000, 0x0000000716e00000|  0%| F|  |TAMS 0x0000000716c00000, 0x0000000716c00000| Untracked 
| 174|0x0000000716e00000, 0x0000000716e00000, 0x0000000717000000|  0%| F|  |TAMS 0x0000000716e00000, 0x0000000716e00000| Untracked 
| 175|0x0000000717000000, 0x0000000717000000, 0x0000000717200000|  0%| F|  |TAMS 0x0000000717000000, 0x0000000717000000| Untracked 
| 176|0x0000000717200000, 0x0000000717200000, 0x0000000717400000|  0%| F|  |TAMS 0x0000000717200000, 0x0000000717200000| Untracked 
| 177|0x0000000717400000, 0x0000000717400000, 0x0000000717600000|  0%| F|  |TAMS 0x0000000717400000, 0x0000000717400000| Untracked 
| 178|0x0000000717600000, 0x0000000717600000, 0x0000000717800000|  0%| F|  |TAMS 0x0000000717600000, 0x0000000717600000| Untracked 
| 179|0x0000000717800000, 0x0000000717800000, 0x0000000717a00000|  0%| F|  |TAMS 0x0000000717800000, 0x0000000717800000| Untracked 
| 180|0x0000000717a00000, 0x0000000717a00000, 0x0000000717c00000|  0%| F|  |TAMS 0x0000000717a00000, 0x0000000717a00000| Untracked 
| 181|0x0000000717c00000, 0x0000000717c00000, 0x0000000717e00000|  0%| F|  |TAMS 0x0000000717c00000, 0x0000000717c00000| Untracked 
| 182|0x0000000717e00000, 0x0000000717e00000, 0x0000000718000000|  0%| F|  |TAMS 0x0000000717e00000, 0x0000000717e00000| Untracked 
| 183|0x0000000718000000, 0x0000000718000000, 0x0000000718200000|  0%| F|  |TAMS 0x0000000718000000, 0x0000000718000000| Untracked 
| 184|0x0000000718200000, 0x0000000718200000, 0x0000000718400000|  0%| F|  |TAMS 0x0000000718200000, 0x0000000718200000| Untracked 
| 185|0x0000000718400000, 0x0000000718400000, 0x0000000718600000|  0%| F|  |TAMS 0x0000000718400000, 0x0000000718400000| Untracked 
| 186|0x0000000718600000, 0x0000000718600000, 0x0000000718800000|  0%| F|  |TAMS 0x0000000718600000, 0x0000000718600000| Untracked 
| 187|0x0000000718800000, 0x0000000718800000, 0x0000000718a00000|  0%| F|  |TAMS 0x0000000718800000, 0x0000000718800000| Untracked 
| 188|0x0000000718a00000, 0x0000000718a00000, 0x0000000718c00000|  0%| F|  |TAMS 0x0000000718a00000, 0x0000000718a00000| Untracked 
| 189|0x0000000718c00000, 0x0000000718c00000, 0x0000000718e00000|  0%| F|  |TAMS 0x0000000718c00000, 0x0000000718c00000| Untracked 
| 190|0x0000000718e00000, 0x0000000718e00000, 0x0000000719000000|  0%| F|  |TAMS 0x0000000718e00000, 0x0000000718e00000| Untracked 
| 191|0x0000000719000000, 0x0000000719000000, 0x0000000719200000|  0%| F|  |TAMS 0x0000000719000000, 0x0000000719000000| Untracked 
| 192|0x0000000719200000, 0x0000000719200000, 0x0000000719400000|  0%| F|  |TAMS 0x0000000719200000, 0x0000000719200000| Untracked 
| 193|0x0000000719400000, 0x0000000719400000, 0x0000000719600000|  0%| F|  |TAMS 0x0000000719400000, 0x0000000719400000| Untracked 
| 194|0x0000000719600000, 0x0000000719600000, 0x0000000719800000|  0%| F|  |TAMS 0x0000000719600000, 0x0000000719600000| Untracked 
| 195|0x0000000719800000, 0x0000000719800000, 0x0000000719a00000|  0%| F|  |TAMS 0x0000000719800000, 0x0000000719800000| Untracked 
| 196|0x0000000719a00000, 0x0000000719a00000, 0x0000000719c00000|  0%| F|  |TAMS 0x0000000719a00000, 0x0000000719a00000| Untracked 
| 197|0x0000000719c00000, 0x0000000719c00000, 0x0000000719e00000|  0%| F|  |TAMS 0x0000000719c00000, 0x0000000719c00000| Untracked 
| 198|0x0000000719e00000, 0x0000000719e00000, 0x000000071a000000|  0%| F|  |TAMS 0x0000000719e00000, 0x0000000719e00000| Untracked 
| 199|0x000000071a000000, 0x000000071a000000, 0x000000071a200000|  0%| F|  |TAMS 0x000000071a000000, 0x000000071a000000| Untracked 
| 200|0x000000071a200000, 0x000000071a200000, 0x000000071a400000|  0%| F|  |TAMS 0x000000071a200000, 0x000000071a200000| Untracked 
| 201|0x000000071a400000, 0x000000071a400000, 0x000000071a600000|  0%| F|  |TAMS 0x000000071a400000, 0x000000071a400000| Untracked 
| 202|0x000000071a600000, 0x000000071a600000, 0x000000071a800000|  0%| F|  |TAMS 0x000000071a600000, 0x000000071a600000| Untracked 
| 203|0x000000071a800000, 0x000000071a800000, 0x000000071aa00000|  0%| F|  |TAMS 0x000000071a800000, 0x000000071a800000| Untracked 
| 204|0x000000071aa00000, 0x000000071aa00000, 0x000000071ac00000|  0%| F|  |TAMS 0x000000071aa00000, 0x000000071aa00000| Untracked 
| 205|0x000000071ac00000, 0x000000071ac00000, 0x000000071ae00000|  0%| F|  |TAMS 0x000000071ac00000, 0x000000071ac00000| Untracked 
| 206|0x000000071ae00000, 0x000000071ae00000, 0x000000071b000000|  0%| F|  |TAMS 0x000000071ae00000, 0x000000071ae00000| Untracked 
| 207|0x000000071b000000, 0x000000071b000000, 0x000000071b200000|  0%| F|  |TAMS 0x000000071b000000, 0x000000071b000000| Untracked 
| 208|0x000000071b200000, 0x000000071b200000, 0x000000071b400000|  0%| F|  |TAMS 0x000000071b200000, 0x000000071b200000| Untracked 
| 209|0x000000071b400000, 0x000000071b400000, 0x000000071b600000|  0%| F|  |TAMS 0x000000071b400000, 0x000000071b400000| Untracked 
| 210|0x000000071b600000, 0x000000071b600000, 0x000000071b800000|  0%| F|  |TAMS 0x000000071b600000, 0x000000071b600000| Untracked 
| 211|0x000000071b800000, 0x000000071b800000, 0x000000071ba00000|  0%| F|  |TAMS 0x000000071b800000, 0x000000071b800000| Untracked 
| 212|0x000000071ba00000, 0x000000071ba00000, 0x000000071bc00000|  0%| F|  |TAMS 0x000000071ba00000, 0x000000071ba00000| Untracked 
| 213|0x000000071bc00000, 0x000000071bc00000, 0x000000071be00000|  0%| F|  |TAMS 0x000000071bc00000, 0x000000071bc00000| Untracked 
| 214|0x000000071be00000, 0x000000071be00000, 0x000000071c000000|  0%| F|  |TAMS 0x000000071be00000, 0x000000071be00000| Untracked 
| 215|0x000000071c000000, 0x000000071c000000, 0x000000071c200000|  0%| F|  |TAMS 0x000000071c000000, 0x000000071c000000| Untracked 
| 216|0x000000071c200000, 0x000000071c200000, 0x000000071c400000|  0%| F|  |TAMS 0x000000071c200000, 0x000000071c200000| Untracked 
| 217|0x000000071c400000, 0x000000071c400000, 0x000000071c600000|  0%| F|  |TAMS 0x000000071c400000, 0x000000071c400000| Untracked 
| 218|0x000000071c600000, 0x000000071c600000, 0x000000071c800000|  0%| F|  |TAMS 0x000000071c600000, 0x000000071c600000| Untracked 
| 219|0x000000071c800000, 0x000000071c800000, 0x000000071ca00000|  0%| F|  |TAMS 0x000000071c800000, 0x000000071c800000| Untracked 
| 220|0x000000071ca00000, 0x000000071ca00000, 0x000000071cc00000|  0%| F|  |TAMS 0x000000071ca00000, 0x000000071ca00000| Untracked 
| 221|0x000000071cc00000, 0x000000071cc00000, 0x000000071ce00000|  0%| F|  |TAMS 0x000000071cc00000, 0x000000071cc00000| Untracked 
| 222|0x000000071ce00000, 0x000000071ce00000, 0x000000071d000000|  0%| F|  |TAMS 0x000000071ce00000, 0x000000071ce00000| Untracked 
| 223|0x000000071d000000, 0x000000071d000000, 0x000000071d200000|  0%| F|  |TAMS 0x000000071d000000, 0x000000071d000000| Untracked 
| 224|0x000000071d200000, 0x000000071d200000, 0x000000071d400000|  0%| F|  |TAMS 0x000000071d200000, 0x000000071d200000| Untracked 
| 225|0x000000071d400000, 0x000000071d400000, 0x000000071d600000|  0%| F|  |TAMS 0x000000071d400000, 0x000000071d400000| Untracked 
| 226|0x000000071d600000, 0x000000071d600000, 0x000000071d800000|  0%| F|  |TAMS 0x000000071d600000, 0x000000071d600000| Untracked 
| 227|0x000000071d800000, 0x000000071d800000, 0x000000071da00000|  0%| F|  |TAMS 0x000000071d800000, 0x000000071d800000| Untracked 
| 228|0x000000071da00000, 0x000000071da00000, 0x000000071dc00000|  0%| F|  |TAMS 0x000000071da00000, 0x000000071da00000| Untracked 
| 229|0x000000071dc00000, 0x000000071dc00000, 0x000000071de00000|  0%| F|  |TAMS 0x000000071dc00000, 0x000000071dc00000| Untracked 
| 230|0x000000071de00000, 0x000000071de00000, 0x000000071e000000|  0%| F|  |TAMS 0x000000071de00000, 0x000000071de00000| Untracked 
| 231|0x000000071e000000, 0x000000071e000000, 0x000000071e200000|  0%| F|  |TAMS 0x000000071e000000, 0x000000071e000000| Untracked 
| 232|0x000000071e200000, 0x000000071e200000, 0x000000071e400000|  0%| F|  |TAMS 0x000000071e200000, 0x000000071e200000| Untracked 
| 233|0x000000071e400000, 0x000000071e400000, 0x000000071e600000|  0%| F|  |TAMS 0x000000071e400000, 0x000000071e400000| Untracked 
| 234|0x000000071e600000, 0x000000071e600000, 0x000000071e800000|  0%| F|  |TAMS 0x000000071e600000, 0x000000071e600000| Untracked 
| 235|0x000000071e800000, 0x000000071e800000, 0x000000071ea00000|  0%| F|  |TAMS 0x000000071e800000, 0x000000071e800000| Untracked 
| 236|0x000000071ea00000, 0x000000071ea00000, 0x000000071ec00000|  0%| F|  |TAMS 0x000000071ea00000, 0x000000071ea00000| Untracked 
| 237|0x000000071ec00000, 0x000000071ec00000, 0x000000071ee00000|  0%| F|  |TAMS 0x000000071ec00000, 0x000000071ec00000| Untracked 
| 238|0x000000071ee00000, 0x000000071ee00000, 0x000000071f000000|  0%| F|  |TAMS 0x000000071ee00000, 0x000000071ee00000| Untracked 
| 239|0x000000071f000000, 0x000000071f000000, 0x000000071f200000|  0%| F|  |TAMS 0x000000071f000000, 0x000000071f000000| Untracked 
| 240|0x000000071f200000, 0x000000071f200000, 0x000000071f400000|  0%| F|  |TAMS 0x000000071f200000, 0x000000071f200000| Untracked 

Card table byte_map: [0x0000020671d00000,0x0000020672500000] _byte_map_base: 0x000002066e4f7000

Marking Bits (Prev, Next): (CMBitMap*) 0x000002065a4a5d10, (CMBitMap*) 0x000002065a4a5cd0
 Prev Bits: [0x0000020676cc0000, 0x000002067ac78000)
 Next Bits: [0x0000020672d00000, 0x0000020676cb8000)

Polling page: 0x0000020659c00000

Metaspace:

Usage:
  Non-class:     37.78 MB used.
      Class:      6.11 MB used.
       Both:     43.88 MB used.

Virtual space:
  Non-class space:       40.00 MB reserved,      38.06 MB ( 95%) committed,  5 nodes.
      Class space:        1.00 GB reserved,       6.38 MB ( <1%) committed,  1 nodes.
             Both:        1.04 GB reserved,      44.44 MB (  4%) committed. 

Chunk freelists:
   Non-Class:  2.00 MB
       Class:  1.54 MB
        Both:  3.54 MB

MaxMetaspaceSize: unlimited
CompressedClassSpaceSize: 1.00 GB
Initial GC threshold: 21.00 MB
Current GC threshold: 66.81 MB
CDS: on
MetaspaceReclaimPolicy: balanced
 - commit_granule_bytes: 65536.
 - commit_granule_words: 8192.
 - virtual_space_node_default_size: 1048576.
 - enlarge_chunks_in_place: 1.
 - new_chunks_are_fully_committed: 0.
 - uncommit_free_chunks: 1.
 - use_allocation_guard: 0.
 - handle_deallocations: 1.


Internal statistics:

num_allocs_failed_limit: 9.
num_arena_births: 694.
num_arena_deaths: 0.
num_vsnodes_births: 6.
num_vsnodes_deaths: 0.
num_space_committed: 709.
num_space_uncommitted: 0.
num_chunks_returned_to_freelist: 9.
num_chunks_taken_from_freelist: 2417.
num_chunk_merges: 9.
num_chunk_splits: 1565.
num_chunks_enlarged: 1008.
num_purges: 0.
num_inconsistent_stats: 0.

CodeHeap 'non-profiled nmethods': size=119168Kb used=5873Kb max_used=5873Kb free=113294Kb
 bounds [0x0000020669820000, 0x0000020669de0000, 0x0000020670c80000]
CodeHeap 'profiled nmethods': size=119104Kb used=11734Kb max_used=11734Kb free=107369Kb
 bounds [0x00000206623d0000, 0x0000020662f50000, 0x0000020669820000]
CodeHeap 'non-nmethods': size=7488Kb used=3119Kb max_used=3188Kb free=4368Kb
 bounds [0x0000020661c80000, 0x0000020661fa0000, 0x00000206623d0000]
 total_blobs=7332 nmethods=6551 adapters=689
 compilation: enabled
              stopped_count=0, restarted_count=0
 full_count=0

Compilation events (20 events):
Event: 6.268 Thread 0x0000020605a644c0 7943       4       java.lang.PublicMethods$MethodList::filter (104 bytes)
Event: 6.272 Thread 0x000002067e828260 7944   !   3       org.apache.commons.lang3.ObjectUtils::clone (226 bytes)
Event: 6.272 Thread 0x00000206005781c0 7945       3       com.mojang.datafixers.functions.PointFreeRule$CompRewrite::buildLeftNested (37 bytes)
Event: 6.272 Thread 0x00000206005781c0 nmethod 7945 0x0000020662f41c90 code [0x0000020662f41e80, 0x0000020662f42518]
Event: 6.273 Thread 0x000002067e94f260 7946   !   3       jdk.internal.reflect.GeneratedMethodAccessor2::invoke (61 bytes)
Event: 6.273 Thread 0x000002067e94f260 nmethod 7946 0x0000020662f42710 code [0x0000020662f42920, 0x0000020662f42f98]
Event: 6.273 Thread 0x000002067e828260 nmethod 7944 0x0000020662f43290 code [0x0000020662f436e0, 0x0000020662f45068]
Event: 6.274 Thread 0x0000020605a644c0 nmethod 7943 0x0000020669dd9590 code [0x0000020669dd9740, 0x0000020669dd9dd8]
Event: 6.275 Thread 0x0000020603a0a570 7947       4       java.lang.PublicMethods$MethodList::filter (104 bytes)
Event: 6.275 Thread 0x0000020605a644c0 7948       4       java.lang.PublicMethods$Key::matches (31 bytes)
Event: 6.275 Thread 0x000002067e81c840 7949       4       java.util.BitSet::<init> (56 bytes)
Event: 6.277 Thread 0x000002067e81c840 nmethod 7949 0x0000020669dda210 code [0x0000020669dda3a0, 0x0000020669dda5f8]
Event: 6.278 Thread 0x000002067e81c840 7950       4       com.mojang.datafixers.functions.Apply$$Lambda$1756/0x00000008011ce848::apply (12 bytes)
Event: 6.278 Thread 0x0000020605a644c0 nmethod 7948 0x0000020669dda710 code [0x0000020669dda8a0, 0x0000020669ddabf8]
Event: 6.278 Thread 0x000002067e81c840 nmethod 7950 0x0000020669ddae90 code [0x0000020669ddb020, 0x0000020669ddb178]
Event: 6.279 Thread 0x000002067e81c840 7951       4       com.mojang.datafixers.DSL::hook (11 bytes)
Event: 6.279 Thread 0x0000020605a644c0 7952       4       java.util.BitSet::clear (70 bytes)
Event: 6.279 Thread 0x000002067e81c840 nmethod 7951 0x0000020669ddb310 code [0x0000020669ddb480, 0x0000020669ddb578]
Event: 6.279 Thread 0x000002067e81c840 7953       4       java.util.BitSet::or (105 bytes)
Event: 6.281 Thread 0x0000020605a644c0 nmethod 7952 0x0000020669ddb610 code [0x0000020669ddb7a0, 0x0000020669ddb938]

GC Heap History (20 events):
Event: 4.476 GC heap after
{Heap after GC invocations=11 (full 0):
 garbage-first heap   total 307200K, used 112559K [0x0000000701200000, 0x0000000800000000)
  region size 2048K, 8 young (16384K), 8 survivors (16384K)
 Metaspace       used 32975K, committed 33472K, reserved 1081344K
  class space    used 3984K, committed 4224K, reserved 1048576K
}
Event: 4.700 GC heap before
{Heap before GC invocations=11 (full 0):
 garbage-first heap   total 307200K, used 237487K [0x0000000701200000, 0x0000000800000000)
  region size 2048K, 69 young (141312K), 8 survivors (16384K)
 Metaspace       used 33956K, committed 34368K, reserved 1081344K
  class space    used 4139K, committed 4352K, reserved 1048576K
}
Event: 4.713 GC heap after
{Heap after GC invocations=12 (full 0):
 garbage-first heap   total 307200K, used 124770K [0x0000000701200000, 0x0000000800000000)
  region size 2048K, 9 young (18432K), 9 survivors (18432K)
 Metaspace       used 33956K, committed 34368K, reserved 1081344K
  class space    used 4139K, committed 4352K, reserved 1048576K
}
Event: 4.851 GC heap before
{Heap before GC invocations=12 (full 0):
 garbage-first heap   total 307200K, used 239458K [0x0000000701200000, 0x0000000800000000)
  region size 2048K, 65 young (133120K), 9 survivors (18432K)
 Metaspace       used 34286K, committed 34752K, reserved 1081344K
  class space    used 4172K, committed 4416K, reserved 1048576K
}
Event: 4.865 GC heap after
{Heap after GC invocations=13 (full 0):
 garbage-first heap   total 307200K, used 137242K [0x0000000701200000, 0x0000000800000000)
  region size 2048K, 6 young (12288K), 6 survivors (12288K)
 Metaspace       used 34286K, committed 34752K, reserved 1081344K
  class space    used 4172K, committed 4416K, reserved 1048576K
}
Event: 5.036 GC heap before
{Heap before GC invocations=13 (full 0):
 garbage-first heap   total 307200K, used 200730K [0x0000000701200000, 0x0000000800000000)
  region size 2048K, 38 young (77824K), 6 survivors (12288K)
 Metaspace       used 35885K, committed 36288K, reserved 1081344K
  class space    used 4459K, committed 4672K, reserved 1048576K
}
Event: 5.042 GC heap after
{Heap after GC invocations=14 (full 0):
 garbage-first heap   total 307200K, used 144752K [0x0000000701200000, 0x0000000800000000)
  region size 2048K, 4 young (8192K), 4 survivors (8192K)
 Metaspace       used 35885K, committed 36288K, reserved 1081344K
  class space    used 4459K, committed 4672K, reserved 1048576K
}
Event: 5.476 GC heap before
{Heap before GC invocations=15 (full 0):
 garbage-first heap   total 307200K, used 243056K [0x0000000701200000, 0x0000000800000000)
  region size 2048K, 53 young (108544K), 4 survivors (8192K)
 Metaspace       used 39917K, committed 40384K, reserved 1089536K
  class space    used 5072K, committed 5312K, reserved 1048576K
}
Event: 5.487 GC heap after
{Heap after GC invocations=16 (full 0):
 garbage-first heap   total 307200K, used 162098K [0x0000000701200000, 0x0000000800000000)
  region size 2048K, 7 young (14336K), 7 survivors (14336K)
 Metaspace       used 39917K, committed 40384K, reserved 1089536K
  class space    used 5072K, committed 5312K, reserved 1048576K
}
Event: 5.716 GC heap before
{Heap before GC invocations=17 (full 0):
 garbage-first heap   total 307200K, used 237874K [0x0000000701200000, 0x0000000800000000)
  region size 2048K, 44 young (90112K), 7 survivors (14336K)
 Metaspace       used 42293K, committed 42816K, reserved 1089536K
  class space    used 5623K, committed 5888K, reserved 1048576K
}
Event: 5.726 GC heap after
{Heap after GC invocations=18 (full 0):
 garbage-first heap   total 307200K, used 169332K [0x0000000701200000, 0x0000000800000000)
  region size 2048K, 3 young (6144K), 3 survivors (6144K)
 Metaspace       used 42293K, committed 42816K, reserved 1089536K
  class space    used 5623K, committed 5888K, reserved 1048576K
}
Event: 5.735 GC heap before
{Heap before GC invocations=18 (full 0):
 garbage-first heap   total 307200K, used 177524K [0x0000000701200000, 0x0000000800000000)
  region size 2048K, 7 young (14336K), 3 survivors (6144K)
 Metaspace       used 42320K, committed 42880K, reserved 1089536K
  class space    used 5623K, committed 5888K, reserved 1048576K
}
Event: 5.739 GC heap after
{Heap after GC invocations=19 (full 0):
 garbage-first heap   total 493568K, used 170895K [0x0000000701200000, 0x0000000800000000)
  region size 2048K, 1 young (2048K), 1 survivors (2048K)
 Metaspace       used 42320K, committed 42880K, reserved 1089536K
  class space    used 5623K, committed 5888K, reserved 1048576K
}
Event: 5.956 GC heap before
{Heap before GC invocations=19 (full 0):
 garbage-first heap   total 493568K, used 381839K [0x0000000701200000, 0x0000000800000000)
  region size 2048K, 104 young (212992K), 1 survivors (2048K)
 Metaspace       used 43480K, committed 43968K, reserved 1089536K
  class space    used 5900K, committed 6144K, reserved 1048576K
}
Event: 5.971 GC heap after
{Heap after GC invocations=20 (full 0):
 garbage-first heap   total 493568K, used 194303K [0x0000000701200000, 0x0000000800000000)
  region size 2048K, 13 young (26624K), 13 survivors (26624K)
 Metaspace       used 43480K, committed 43968K, reserved 1089536K
  class space    used 5900K, committed 6144K, reserved 1048576K
}
Event: 6.084 GC heap before
{Heap before GC invocations=20 (full 0):
 garbage-first heap   total 493568K, used 380671K [0x0000000701200000, 0x0000000800000000)
  region size 2048K, 104 young (212992K), 13 survivors (26624K)
 Metaspace       used 43963K, committed 44480K, reserved 1089536K
  class space    used 6039K, committed 6272K, reserved 1048576K
}
Event: 6.103 GC heap after
{Heap after GC invocations=21 (full 0):
 garbage-first heap   total 493568K, used 221400K [0x0000000701200000, 0x0000000800000000)
  region size 2048K, 13 young (26624K), 13 survivors (26624K)
 Metaspace       used 43963K, committed 44480K, reserved 1089536K
  class space    used 6039K, committed 6272K, reserved 1048576K
}
Event: 6.205 GC heap before
{Heap before GC invocations=21 (full 0):
 garbage-first heap   total 493568K, used 385240K [0x0000000701200000, 0x0000000800000000)
  region size 2048K, 94 young (192512K), 13 survivors (26624K)
 Metaspace       used 44561K, committed 45056K, reserved 1089536K
  class space    used 6172K, committed 6400K, reserved 1048576K
}
Event: 6.225 GC heap after
{Heap after GC invocations=22 (full 0):
 garbage-first heap   total 493568K, used 242961K [0x0000000701200000, 0x0000000800000000)
  region size 2048K, 11 young (22528K), 11 survivors (22528K)
 Metaspace       used 44561K, committed 45056K, reserved 1089536K
  class space    used 6172K, committed 6400K, reserved 1048576K
}
Event: 6.281 GC heap before
{Heap before GC invocations=22 (full 0):
 garbage-first heap   total 493568K, used 390417K [0x0000000701200000, 0x0000000800000000)
  region size 2048K, 84 young (172032K), 11 survivors (22528K)
 Metaspace       used 44937K, committed 45504K, reserved 1089536K
  class space    used 6254K, committed 6528K, reserved 1048576K
}

Deoptimization events (20 events):
Event: 6.274 Thread 0x000002060068bc30 Uncommon trap: trap_request=0xffffffbe fr.pc=0x0000020669dd9cd0 relative=0x0000000000000590
Event: 6.274 Thread 0x000002060068bc30 Uncommon trap: reason=profile_predicate action=maybe_recompile pc=0x0000020669dd9cd0 method=java.lang.PublicMethods$MethodList.filter([Ljava/lang/reflect/Method;Ljava/lang/String;[Ljava/lang/Class;Z)Ljava/lang/PublicMethods$MethodList; @ 21 c2
Event: 6.274 Thread 0x000002060068bc30 DEOPT PACKING pc=0x0000020669dd9cd0 sp=0x0000008c3fdfdb00
Event: 6.274 Thread 0x000002060068bc30 DEOPT UNPACKING pc=0x0000020661cd23a3 sp=0x0000008c3fdfda98 mode 2
Event: 6.274 Thread 0x000002060068bc30 Uncommon trap: trap_request=0xffffffbe fr.pc=0x0000020669dd9cd0 relative=0x0000000000000590
Event: 6.274 Thread 0x000002060068bc30 Uncommon trap: reason=profile_predicate action=maybe_recompile pc=0x0000020669dd9cd0 method=java.lang.PublicMethods$MethodList.filter([Ljava/lang/reflect/Method;Ljava/lang/String;[Ljava/lang/Class;Z)Ljava/lang/PublicMethods$MethodList; @ 21 c2
Event: 6.274 Thread 0x000002060068bc30 DEOPT PACKING pc=0x0000020669dd9cd0 sp=0x0000008c3fdfda70
Event: 6.274 Thread 0x000002060068bc30 DEOPT UNPACKING pc=0x0000020661cd23a3 sp=0x0000008c3fdfda08 mode 2
Event: 6.274 Thread 0x000002060068bc30 Uncommon trap: trap_request=0xffffffbe fr.pc=0x0000020669dd9cd0 relative=0x0000000000000590
Event: 6.274 Thread 0x000002060068bc30 Uncommon trap: reason=profile_predicate action=maybe_recompile pc=0x0000020669dd9cd0 method=java.lang.PublicMethods$MethodList.filter([Ljava/lang/reflect/Method;Ljava/lang/String;[Ljava/lang/Class;Z)Ljava/lang/PublicMethods$MethodList; @ 21 c2
Event: 6.274 Thread 0x000002060068bc30 DEOPT PACKING pc=0x0000020669dd9cd0 sp=0x0000008c3fdfd950
Event: 6.274 Thread 0x000002060068bc30 DEOPT UNPACKING pc=0x0000020661cd23a3 sp=0x0000008c3fdfd8e8 mode 2
Event: 6.275 Thread 0x000002060068bc30 Uncommon trap: trap_request=0xffffffbe fr.pc=0x000002066991d0b4 relative=0x0000000000000674
Event: 6.275 Thread 0x000002060068bc30 Uncommon trap: reason=profile_predicate action=maybe_recompile pc=0x000002066991d0b4 method=java.lang.PublicMethods$MethodList.filter([Ljava/lang/reflect/Method;Ljava/lang/String;[Ljava/lang/Class;Z)Ljava/lang/PublicMethods$MethodList; @ 17 c2
Event: 6.275 Thread 0x000002060068bc30 DEOPT PACKING pc=0x000002066991d0b4 sp=0x0000008c3fdfdff0
Event: 6.275 Thread 0x000002060068bc30 DEOPT UNPACKING pc=0x0000020661cd23a3 sp=0x0000008c3fdfdfb8 mode 2
Event: 6.275 Thread 0x000002060068bc30 Uncommon trap: trap_request=0xffffffbe fr.pc=0x000002066991d0b4 relative=0x0000000000000674
Event: 6.275 Thread 0x000002060068bc30 Uncommon trap: reason=profile_predicate action=maybe_recompile pc=0x000002066991d0b4 method=java.lang.PublicMethods$MethodList.filter([Ljava/lang/reflect/Method;Ljava/lang/String;[Ljava/lang/Class;Z)Ljava/lang/PublicMethods$MethodList; @ 17 c2
Event: 6.275 Thread 0x000002060068bc30 DEOPT PACKING pc=0x000002066991d0b4 sp=0x0000008c3fdfd4b0
Event: 6.275 Thread 0x000002060068bc30 DEOPT UNPACKING pc=0x0000020661cd23a3 sp=0x0000008c3fdfd478 mode 2

Classes unloaded (0 events):
No events

Classes redefined (0 events):
No events

Internal exceptions (20 events):
Event: 5.452 Thread 0x00000206006860c0 Exception <a 'java/lang/NoSuchMethodError'{0x000000070df566e8}: 'java.lang.Object java.lang.invoke.DirectMethodHandle$Holder.newInvokeSpecial(java.lang.Object, java.lang.Object, int, int)'> (0x000000070df566e8) 
thrown [t:\workspace\open\src\hotspot\share\interpreter\linkResolver.cpp, line 766]
Event: 5.452 Thread 0x000002060068bc30 Exception <a 'java/lang/NoSuchMethodError'{0x000000070dc07198}: 'java.lang.Object java.lang.invoke.DirectMethodHandle$Holder.newInvokeSpecial(java.lang.Object, java.lang.Object, int, int)'> (0x000000070dc07198) 
thrown [t:\workspace\open\src\hotspot\share\interpreter\linkResolver.cpp, line 766]
Event: 5.452 Thread 0x000002060068b290 Exception <a 'java/lang/NoSuchMethodError'{0x000000070dcae940}: 'java.lang.Object java.lang.invoke.DirectMethodHandle$Holder.newInvokeSpecial(java.lang.Object, java.lang.Object, int, int)'> (0x000000070dcae940) 
thrown [t:\workspace\open\src\hotspot\share\interpreter\linkResolver.cpp, line 766]
Event: 5.452 Thread 0x000002060068c100 Exception <a 'java/lang/NoSuchMethodError'{0x000000070dd55f78}: 'java.lang.Object java.lang.invoke.DirectMethodHandle$Holder.newInvokeSpecial(java.lang.Object, java.lang.Object, int, int)'> (0x000000070dd55f78) 
thrown [t:\workspace\open\src\hotspot\share\interpreter\linkResolver.cpp, line 766]
Event: 5.452 Thread 0x000002060068adc0 Exception <a 'java/lang/NoSuchMethodError'{0x000000070dffdb38}: 'java.lang.Object java.lang.invoke.DirectMethodHandle$Holder.newInvokeSpecial(java.lang.Object, java.lang.Object, int, int)'> (0x000000070dffdb38) 
thrown [t:\workspace\open\src\hotspot\share\interpreter\linkResolver.cpp, line 766]
Event: 5.452 Thread 0x0000020600689a80 Exception <a 'java/lang/NoSuchMethodError'{0x000000070ddfa380}: 'java.lang.Object java.lang.invoke.DirectMethodHandle$Holder.newInvokeSpecial(java.lang.Object, java.lang.Object, int, int)'> (0x000000070ddfa380) 
thrown [t:\workspace\open\src\hotspot\share\interpreter\linkResolver.cpp, line 766]
Event: 5.452 Thread 0x000002060068c5d0 Exception <a 'java/lang/NoSuchMethodError'{0x000000070da03940}: 'java.lang.Object java.lang.invoke.DirectMethodHandle$Holder.newInvokeSpecial(java.lang.Object, java.lang.Object, int, int)'> (0x000000070da03940) 
thrown [t:\workspace\open\src\hotspot\share\interpreter\linkResolver.cpp, line 766]
Event: 5.574 Thread 0x00000206006860c0 Exception <a 'java/lang/NoSuchMethodError'{0x0000000712b0cad0}: 'java.lang.Object java.lang.invoke.DirectMethodHandle$Holder.invokeSpecial(java.lang.Object, java.lang.Object, java.lang.Object, java.lang.Object, java.lang.Object, java.lang.Object, java.lang.Object, java.lang.Object, java.lang.Object, java.lang.Object, java.lang.Object)'> (0x0000000712b0cad0) 
thrown [t:\workspace\open\src\hotspot\share\interpreter\linkResolver.cpp, line 766]
Event: 5.574 Thread 0x00000206006860c0 Exception <a 'java/lang/NoSuchMethodError'{0x0000000712b18440}: 'java.lang.Object java.lang.invoke.DirectMethodHandle$Holder.newInvokeSpecial(java.lang.Object, java.lang.Object, java.lang.Object, java.lang.Object, java.lang.Object, java.lang.Object, java.lang.Object, java.lang.Object, java.lang.Object, java.lang.Object)'> (0x0000000712b18440) 
thrown [t:\workspace\open\src\hotspot\share\interpreter\linkResolver.cpp, line 766]
Event: 5.574 Thread 0x00000206006860c0 Exception <a 'java/lang/NoSuchMethodError'{0x0000000712b1cd30}: 'java.lang.Object java.lang.invoke.Invokers$Holder.linkToTargetMethod(java.lang.Object, java.lang.Object, java.lang.Object, java.lang.Object, java.lang.Object, java.lang.Object, java.lang.Object, java.lang.Object, java.lang.Object, java.lang.Object)'> (0x0000000712b1cd30) 
thrown [t:\workspace\open\src\hotspot\share\interpreter\linkResolver.cpp, line 766]
Event: 5.635 Thread 0x00000206006860c0 Exception <a 'java/lang/NoSuchMethodError'{0x0000000710e05540}: 'java.lang.Object java.lang.invoke.DirectMethodHandle$Holder.invokeSpecial(java.lang.Object, java.lang.Object, java.lang.Object, java.lang.Object, java.lang.Object, java.lang.Object, java.lang.Object, java.lang.Object, java.lang.Object, java.lang.Object)'> (0x0000000710e05540) 
thrown [t:\workspace\open\src\hotspot\share\interpreter\linkResolver.cpp, line 766]
Event: 5.635 Thread 0x00000206006860c0 Exception <a 'java/lang/NoSuchMethodError'{0x0000000710e0fb40}: 'java.lang.Object java.lang.invoke.DirectMethodHandle$Holder.newInvokeSpecial(java.lang.Object, java.lang.Object, java.lang.Object, java.lang.Object, java.lang.Object, java.lang.Object, java.lang.Object, java.lang.Object, java.lang.Object)'> (0x0000000710e0fb40) 
thrown [t:\workspace\open\src\hotspot\share\interpreter\linkResolver.cpp, line 766]
Event: 5.636 Thread 0x00000206006860c0 Exception <a 'java/lang/NoSuchMethodError'{0x0000000710e14ad0}: 'java.lang.Object java.lang.invoke.Invokers$Holder.linkToTargetMethod(java.lang.Object, java.lang.Object, java.lang.Object, java.lang.Object, java.lang.Object, java.lang.Object, java.lang.Object, java.lang.Object, java.lang.Object)'> (0x0000000710e14ad0) 
thrown [t:\workspace\open\src\hotspot\share\interpreter\linkResolver.cpp, line 766]
Event: 5.990 Thread 0x000002060068b760 Implicit null exception at 0x00000206699ba158 to 0x00000206699ba25a
Event: 5.990 Thread 0x000002060068bc30 Implicit null exception at 0x00000206699ba158 to 0x00000206699ba25a
Event: 6.023 Thread 0x000002060068b760 Implicit null exception at 0x0000020669a3dd4c to 0x0000020669a3dddd
Event: 6.156 Thread 0x000002060068cf70 Implicit null exception at 0x0000020669d784d7 to 0x0000020669d7865c
Event: 6.185 Thread 0x000002065a452660 Exception <a 'java/lang/NoSuchMethodError'{0x000000071816ab68}: 'java.lang.Object java.lang.invoke.DirectMethodHandle$Holder.newInvokeSpecial(java.lang.Object, java.lang.Object, java.lang.Object, int, java.lang.Object)'> (0x000000071816ab68) 
thrown [t:\workspace\open\src\hotspot\share\interpreter\linkResolver.cpp, line 766]
Event: 6.188 Thread 0x000002065a452660 Exception <a 'java/lang/NoSuchMethodError'{0x0000000717606d50}: 'java.lang.Object java.lang.invoke.DirectMethodHandle$Holder.newInvokeSpecial(java.lang.Object, java.lang.Object, int, float)'> (0x0000000717606d50) 
thrown [t:\workspace\open\src\hotspot\share\interpreter\linkResolver.cpp, line 766]
Event: 6.250 Thread 0x000002065a452660 Exception <a 'java/lang/IncompatibleClassChangeError'{0x000000071cb9bbd8}: Found class java.lang.Object, but interface was expected> (0x000000071cb9bbd8) 
thrown [t:\workspace\open\src\hotspot\share\interpreter\linkResolver.cpp, line 833]

VM Operations (20 events):
Event: 5.727 Executing VM operation: G1CollectForAllocation done
Event: 5.735 Executing VM operation: G1CollectForAllocation
Event: 5.739 Executing VM operation: G1CollectForAllocation done
Event: 5.801 Executing VM operation: ICBufferFull
Event: 5.802 Executing VM operation: ICBufferFull done
Event: 5.936 Executing VM operation: ICBufferFull
Event: 5.936 Executing VM operation: ICBufferFull done
Event: 5.936 Executing VM operation: ICBufferFull
Event: 5.937 Executing VM operation: ICBufferFull done
Event: 5.937 Executing VM operation: ICBufferFull
Event: 5.937 Executing VM operation: ICBufferFull done
Event: 5.956 Executing VM operation: G1CollectForAllocation
Event: 5.971 Executing VM operation: G1CollectForAllocation done
Event: 6.084 Executing VM operation: G1CollectForAllocation
Event: 6.114 Executing VM operation: G1CollectForAllocation done
Event: 6.205 Executing VM operation: G1CollectForAllocation
Event: 6.225 Executing VM operation: G1CollectForAllocation done
Event: 6.274 Executing VM operation: HandshakeAllThreads
Event: 6.281 Executing VM operation: HandshakeAllThreads done
Event: 6.281 Executing VM operation: G1CollectForAllocation

Events (20 events):
Event: 5.449 loading class java/util/concurrent/CompletableFuture$UniExceptionally
Event: 5.449 loading class java/util/concurrent/CompletableFuture$UniCompletion
Event: 5.449 loading class java/util/concurrent/CompletableFuture$UniCompletion done
Event: 5.449 loading class java/util/concurrent/CompletableFuture$UniExceptionally done
Event: 5.449 Thread 0x000002060068d910 Thread added: 0x000002060068d910
Event: 5.450 Thread 0x00000206006860c0 Thread added: 0x00000206006860c0
Event: 5.450 Thread 0x000002060068adc0 Thread added: 0x000002060068adc0
Event: 5.450 Thread 0x000002060068bc30 Thread added: 0x000002060068bc30
Event: 5.450 Thread 0x000002060068b290 Thread added: 0x000002060068b290
Event: 5.451 Thread 0x000002060068c100 Thread added: 0x000002060068c100
Event: 5.451 Thread 0x0000020600689a80 Thread added: 0x0000020600689a80
Event: 5.451 Thread 0x000002060068c5d0 Thread added: 0x000002060068c5d0
Event: 5.451 Thread 0x000002060068caa0 Thread added: 0x000002060068caa0
Event: 5.452 Thread 0x000002060068d440 Thread added: 0x000002060068d440
Event: 5.452 Thread 0x0000020600688c10 Thread added: 0x0000020600688c10
Event: 5.452 Thread 0x00000206006890e0 Thread added: 0x00000206006890e0
Event: 5.452 Thread 0x000002060068cf70 Thread added: 0x000002060068cf70
Event: 5.453 Thread 0x0000020600686f30 Thread added: 0x0000020600686f30
Event: 5.644 loading class java/util/concurrent/CompletableFuture$Signaller
Event: 5.644 loading class java/util/concurrent/CompletableFuture$Signaller done


Dynamic libraries:
0x00007ff7945f0000 - 0x00007ff794600000 	C:\Program Files\Java\jdk-17.0.2\bin\java.exe
0x00007ffec32c0000 - 0x00007ffec34b0000 	C:\WINDOWS\SYSTEM32\ntdll.dll
0x00007ffec1cf0000 - 0x00007ffec1da2000 	C:\WINDOWS\System32\KERNEL32.DLL
0x00007ffec0d90000 - 0x00007ffec1033000 	C:\WINDOWS\System32\KERNELBASE.dll
0x00007ffec1270000 - 0x00007ffec136a000 	C:\WINDOWS\System32\ucrtbase.dll
0x00007ffe6b820000 - 0x00007ffe6b83a000 	C:\Program Files\Java\jdk-17.0.2\bin\VCRUNTIME140.dll
0x00007ffe6b800000 - 0x00007ffe6b818000 	C:\Program Files\Java\jdk-17.0.2\bin\jli.dll
0x00007ffec1610000 - 0x00007ffec16b3000 	C:\WINDOWS\System32\ADVAPI32.dll
0x00007ffec20b0000 - 0x00007ffec214e000 	C:\WINDOWS\System32\msvcrt.dll
0x00007ffec16c0000 - 0x00007ffec1757000 	C:\WINDOWS\System32\sechost.dll
0x00007ffec2c90000 - 0x00007ffec2db0000 	C:\WINDOWS\System32\RPCRT4.dll
0x00007ffec1760000 - 0x00007ffec18f4000 	C:\WINDOWS\System32\USER32.dll
0x00007ffec03f0000 - 0x00007ffec0411000 	C:\WINDOWS\System32\win32u.dll
0x00007ffebf730000 - 0x00007ffebf9b5000 	C:\WINDOWS\WinSxS\amd64_microsoft.windows.common-controls_6595b64144ccf1df_6.0.18362.418_none_e6c6b287130d565d\COMCTL32.dll
0x00007ffec2a20000 - 0x00007ffec2a46000 	C:\WINDOWS\System32\GDI32.dll
0x00007ffec1910000 - 0x00007ffec1c46000 	C:\WINDOWS\System32\combase.dll
0x00007ffec0250000 - 0x00007ffec03e4000 	C:\WINDOWS\System32\gdi32full.dll
0x00007ffec11d0000 - 0x00007ffec126e000 	C:\WINDOWS\System32\msvcp_win.dll
0x00007ffec0d10000 - 0x00007ffec0d90000 	C:\WINDOWS\System32\bcryptPrimitives.dll
0x00007ffeb9ce0000 - 0x00007ffeb9cea000 	C:\WINDOWS\SYSTEM32\VERSION.dll
0x00007ffec2c40000 - 0x00007ffec2c6e000 	C:\WINDOWS\System32\IMM32.DLL
0x00007ffea3a00000 - 0x00007ffea3a0c000 	C:\Program Files\Java\jdk-17.0.2\bin\vcruntime140_1.dll
0x00007ffe6b770000 - 0x00007ffe6b7fd000 	C:\Program Files\Java\jdk-17.0.2\bin\msvcp140.dll
0x00007ffe6aba0000 - 0x00007ffe6b761000 	C:\Program Files\Java\jdk-17.0.2\bin\server\jvm.dll
0x00007ffec1c50000 - 0x00007ffec1c58000 	C:\WINDOWS\System32\PSAPI.DLL
0x00007ffe6f940000 - 0x00007ffe6f949000 	C:\WINDOWS\SYSTEM32\WSOCK32.dll
0x00007ffebd5a0000 - 0x00007ffebd5c4000 	C:\WINDOWS\SYSTEM32\WINMM.dll
0x00007ffec28a0000 - 0x00007ffec290f000 	C:\WINDOWS\System32\WS2_32.dll
0x00007ffebd470000 - 0x00007ffebd49d000 	C:\WINDOWS\SYSTEM32\winmmbase.dll
0x00007ffec10f0000 - 0x00007ffec113a000 	C:\WINDOWS\System32\cfgmgr32.dll
0x00007ffec0210000 - 0x00007ffec0221000 	C:\WINDOWS\System32\kernel.appcore.dll
0x00007ffe6f790000 - 0x00007ffe6f79a000 	C:\Program Files\Java\jdk-17.0.2\bin\jimage.dll
0x00007ffebfc10000 - 0x00007ffebfe04000 	C:\WINDOWS\SYSTEM32\DBGHELP.DLL
0x00007ffebfb60000 - 0x00007ffebfb8a000 	C:\WINDOWS\SYSTEM32\dbgcore.DLL
0x00007ffebe480000 - 0x00007ffebe48e000 	C:\Program Files\Java\jdk-17.0.2\bin\instrument.dll
0x00007ffe6ab70000 - 0x00007ffe6ab95000 	C:\Program Files\Java\jdk-17.0.2\bin\java.dll
0x00007ffe6aa90000 - 0x00007ffe6ab66000 	C:\Program Files\Java\jdk-17.0.2\bin\jsvml.dll
0x00007ffec2150000 - 0x00007ffec2835000 	C:\WINDOWS\System32\SHELL32.dll
0x00007ffec2b20000 - 0x00007ffec2bc9000 	C:\WINDOWS\System32\shcore.dll
0x00007ffec0420000 - 0x00007ffec0b9f000 	C:\WINDOWS\System32\windows.storage.dll
0x00007ffec0230000 - 0x00007ffec024f000 	C:\WINDOWS\System32\profapi.dll
0x00007ffec01c0000 - 0x00007ffec020a000 	C:\WINDOWS\System32\powrprof.dll
0x00007ffec0190000 - 0x00007ffec01a0000 	C:\WINDOWS\System32\UMPDC.dll
0x00007ffec2840000 - 0x00007ffec2892000 	C:\WINDOWS\System32\shlwapi.dll
0x00007ffec0ba0000 - 0x00007ffec0bb7000 	C:\WINDOWS\System32\cryptsp.dll
0x00007ffe6aa30000 - 0x00007ffe6aa48000 	C:\Program Files\Java\jdk-17.0.2\bin\zip.dll
0x00007ffe6aa70000 - 0x00007ffe6aa89000 	C:\Program Files\Java\jdk-17.0.2\bin\net.dll
0x00007ffeb9e00000 - 0x00007ffeb9ef0000 	C:\WINDOWS\SYSTEM32\WINHTTP.dll
0x00007ffebf2d0000 - 0x00007ffebf337000 	C:\WINDOWS\system32\mswsock.dll
0x00007ffe6aa50000 - 0x00007ffe6aa66000 	C:\Program Files\Java\jdk-17.0.2\bin\nio.dll
0x00007ffea8800000 - 0x00007ffea881a000 	F:\java\IDE\idea\IntelliJ IDEA 2021.3.2\bin\breakgen64.dll
0x00007ffe6aa20000 - 0x00007ffe6aa29000 	C:\Program Files\Java\jdk-17.0.2\bin\management.dll
0x00007ffe6aa10000 - 0x00007ffe6aa1b000 	C:\Program Files\Java\jdk-17.0.2\bin\management_ext.dll
0x00007ffebe030000 - 0x00007ffebe046000 	C:\WINDOWS\system32\napinsp.dll
0x00007ffebe010000 - 0x00007ffebe02a000 	C:\WINDOWS\system32\pnrpnsp.dll
0x00007ffeba7e0000 - 0x00007ffeba7f5000 	C:\WINDOWS\system32\wshbth.dll
0x00007ffebbcb0000 - 0x00007ffebbccc000 	C:\WINDOWS\system32\NLAapi.dll
0x00007ffebeff0000 - 0x00007ffebf02a000 	C:\WINDOWS\SYSTEM32\IPHLPAPI.DLL
0x00007ffebf030000 - 0x00007ffebf0fa000 	C:\WINDOWS\SYSTEM32\DNSAPI.dll
0x00007ffec1900000 - 0x00007ffec1908000 	C:\WINDOWS\System32\NSI.dll
0x00007ffe9f320000 - 0x00007ffe9f32e000 	C:\WINDOWS\System32\winrnr.dll
0x00007ffeb7f50000 - 0x00007ffeb7f5a000 	C:\Windows\System32\rasadhlp.dll
0x00007ffeb97b0000 - 0x00007ffeb9827000 	C:\WINDOWS\System32\fwpuclnt.dll
0x00007ffec1140000 - 0x00007ffec1166000 	C:\WINDOWS\System32\bcrypt.dll
0x00007ffe68d10000 - 0x00007ffe68d20000 	C:\Program Files\Java\jdk-17.0.2\bin\verify.dll
0x00007ffebee50000 - 0x00007ffebee83000 	C:\WINDOWS\system32\rsaenh.dll
0x00007ffec0080000 - 0x00007ffec00a5000 	C:\WINDOWS\SYSTEM32\USERENV.dll
0x00007ffebf450000 - 0x00007ffebf45c000 	C:\WINDOWS\SYSTEM32\CRYPTBASE.dll
0x00007ffeb9cc0000 - 0x00007ffeb9cd6000 	C:\WINDOWS\SYSTEM32\dhcpcsvc6.DLL
0x00007ffeb9ca0000 - 0x00007ffeb9cbc000 	C:\WINDOWS\SYSTEM32\dhcpcsvc.DLL
0x00007ffe9a3c0000 - 0x00007ffe9a405000 	C:\Users\11419\AppData\Local\Temp\jna-46763836\jna14539115709487574976.dll
0x00007ffec1370000 - 0x00007ffec14c6000 	C:\WINDOWS\System32\Ole32.dll
0x00007ffec2910000 - 0x00007ffec29b2000 	C:\WINDOWS\System32\clbcatq.dll
0x00007ffec1db0000 - 0x00007ffec1e74000 	C:\WINDOWS\System32\OleAut32.dll
0x00007ffea7990000 - 0x00007ffea79a5000 	C:\WINDOWS\SYSTEM32\amsi.dll
0x00007ffea7910000 - 0x00007ffea798b000 	C:\ProgramData\Microsoft\Windows Defender\Platform\4.18.2202.4-0\MpOav.dll
0x00007ffe9e6a0000 - 0x00007ffe9e6e8000 	C:\WINDOWS\SYSTEM32\Pdh.dll
0x00007ffeb9440000 - 0x00007ffeb944e000 	C:\WINDOWS\System32\perfos.dll

dbghelp: loaded successfully - version: 4.0.5 - missing functions: none
symbol engine: initialized successfully - sym options: 0x614 - pdb path: .;C:\Program Files\Java\jdk-17.0.2\bin;C:\WINDOWS\SYSTEM32;C:\WINDOWS\WinSxS\amd64_microsoft.windows.common-controls_6595b64144ccf1df_6.0.18362.418_none_e6c6b287130d565d;C:\Program Files\Java\jdk-17.0.2\bin\server;F:\java\IDE\idea\IntelliJ IDEA 2021.3.2\bin;C:\Users\11419\AppData\Local\Temp\jna-46763836;C:\ProgramData\Microsoft\Windows Defender\Platform\4.18.2202.4-0

VM Arguments:
jvm_args: -Dfabric.dli.config=C:\Users\11419\Desktop\MyMinecraftMod\litematica-printer-2.1\.gradle\loom-cache\launch.cfg -Dfabric.dli.env=client -Dfabric.dli.main=net.fabricmc.loader.impl.launch.knot.KnotClient -javaagent:F:\java\IDE\idea\IntelliJ IDEA 2021.3.2\lib\idea_rt.jar=61374:F:\java\IDE\idea\IntelliJ IDEA 2021.3.2\bin -Dfile.encoding=UTF-8 
java_command: net.fabricmc.devlaunchinjector.Main
java_class_path (initial): C:\Users\11419\Desktop\MyMinecraftMod\litematica-printer-2.1\build\classes\java\main;C:\Users\11419\Desktop\MyMinecraftMod\litematica-printer-2.1\build\resources\main;C:\Users\11419\.gradle\caches\modules-2\files-2.1\com.google.code.findbugs\jsr305\3.0.2\25ea2e8b0c338a877313bd4672d3fe056ea78f0d\jsr305-3.0.2.jar;C:\Users\11419\.gradle\caches\modules-2\files-2.1\net.fabricmc\tiny-mappings-parser\0.3.0+build.17\2f10540a290e382a7cd35c16ec3900046a4e252\tiny-mappings-parser-0.3.0+build.17.jar;C:\Users\11419\.gradle\caches\modules-2\files-2.1\net.fabricmc\sponge-mixin\0.11.2+mixin.0.8.5\f4ae569d559b5e3244b67321945261d83ff7ad8e\sponge-mixin-0.11.2+mixin.0.8.5.jar;C:\Users\11419\.gradle\caches\modules-2\files-2.1\net.fabricmc\tiny-remapper\0.8.1\d220c092cd1446d5f2668b53e71abe23a12cb8cf\tiny-remapper-0.8.1.jar;C:\Users\11419\.gradle\caches\modules-2\files-2.1\net.fabricmc\access-widener\2.1.0\f62a27adbfd8ab4d4fa5681793039f2c0b177155\access-widener-2.1.0.jar;C:\Users\11419\.gradle\caches\modules-2\files-2.1\org.ow2.asm\asm\9.2\81a03f76019c67362299c40e0ba13405f5467bff\asm-9.2.jar;C:\Users\11419\.gradle\caches\modules-2\files-2.1\org.ow2.asm\asm-analysis\9.2\7487dd756daf96cab9986e44b9d7bcb796a61c10\asm-analysis-9.2.jar;C:\Users\11419\.gradle\caches\modules-2\files-2.1\org.ow2.asm\asm-commons\9.2\f4d7f0fc9054386f2893b602454d48e07d4fbead\asm-commons-9.2.jar;C:\Users\11419\.gradle\caches\modules-2\files-2.1\org.ow2.asm\asm-tree\9.2\d96c99a30f5e1a19b0e609dbb19a44d8518ac01e\asm-tree-9.2.jar;C:\Users\11419\.gradle\caches\modules-2\files-2.1\org.ow2.asm\asm-util\9.2\fbc178fc5ba3dab50fd7e8a5317b8b647c8e8946\asm-util-9.2.jar;C:\Users\11419\.gradle\caches\modules-2\files-2.1\com.mojang\logging\1.0.0\f6ca3b2eee0b80b384e8ed93d368faecb82dfb9b\logging-1.0.0.jar;C:\Users\11419\.gradle\caches\modules-2\files-2.1\com.mojang\blocklist\1.0.10\5c685c5ffa94c4cd39496c7184c1d122e515ecef\blocklist-1.0.10.jar;C:\Users\11419\.gradle\caches\modules-2\files-2.1\com.mojang\patch
Launcher Type: SUN_STANDARD

[Global flags]
     intx CICompilerCount                          = 12                                        {product} {ergonomic}
     uint ConcGCThreads                            = 3                                         {product} {ergonomic}
     uint G1ConcRefinementThreads                  = 13                                        {product} {ergonomic}
   size_t G1HeapRegionSize                         = 2097152                                   {product} {ergonomic}
    uintx GCDrainStackTargetSize                   = 64                                        {product} {ergonomic}
   size_t InitialHeapSize                          = 268435456                                 {product} {ergonomic}
   size_t MarkStackSize                            = 4194304                                   {product} {ergonomic}
   size_t MaxHeapSize                              = 4276092928                                {product} {ergonomic}
   size_t MaxNewSize                               = 2564816896                                {product} {ergonomic}
   size_t MinHeapDeltaBytes                        = 2097152                                   {product} {ergonomic}
   size_t MinHeapSize                              = 8388608                                   {product} {ergonomic}
    uintx NonNMethodCodeHeapSize                   = 7602480                                {pd product} {ergonomic}
    uintx NonProfiledCodeHeapSize                  = 122027880                              {pd product} {ergonomic}
    uintx ProfiledCodeHeapSize                     = 122027880                              {pd product} {ergonomic}
    uintx ReservedCodeCacheSize                    = 251658240                              {pd product} {ergonomic}
     bool SegmentedCodeCache                       = true                                      {product} {ergonomic}
   size_t SoftMaxHeapSize                          = 4276092928                             {manageable} {ergonomic}
     bool UseCompressedClassPointers               = true                           {product lp64_product} {ergonomic}
     bool UseCompressedOops                        = true                           {product lp64_product} {ergonomic}
     bool UseG1GC                                  = true                                      {product} {ergonomic}
     bool UseLargePagesIndividualAllocation        = false                                  {pd product} {ergonomic}

Logging:
Log output configuration:
 #0: stdout all=warning uptime,level,tags
 #1: stderr all=off uptime,level,tags

Environment Variables:
JAVA_HOME=F:\java\jdk\17
PATH=C:\Program Files\Common Files\Oracle\Java\javapath;C:\WINDOWS\system32;C:\WINDOWS;C:\WINDOWS\System32\Wbem;C:\WINDOWS\System32\WindowsPowerShell\v1.0\;C:\WINDOWS\System32\OpenSSH\;F:\java\jdk\17\bin;C:\Users\11419\AppData\Local\Microsoft\WindowsApps;
USERNAME=11419
OS=Windows_NT
PROCESSOR_IDENTIFIER=AMD64 Family 25 Model 33 Stepping 0, AuthenticAMD



---------------  S Y S T E M  ---------------

OS:
 Windows 10 , 64 bit Build 18362 (10.0.18362.329)
OS uptime: 0 days 1:24 hours
Hyper-V role detected

CPU: total 16 (initial active 16) (16 cores per cpu, 2 threads per core) family 25 model 33 stepping 0 microcode 0x0, cx8, cmov, fxsr, ht, mmx, 3dnowpref, sse, sse2, sse3, ssse3, sse4a, sse4.1, sse4.2, popcnt, lzcnt, tsc, tscinvbit, avx, avx2, aes, erms, clmul, bmi1, bmi2, adx, sha, fma, vzeroupper, clflush, clflushopt, hv

Memory: 4k page, system-wide physical 16309M (810M free)
TotalPageFile size 30390M (AvailPageFile size 383M)
current process WorkingSet (physical memory assigned to process): 678M, peak: 691M
current process commit charge ("private bytes"): 739M, peak: 1325M

vm_info: Java HotSpot(TM) 64-Bit Server VM (17.0.2+8-LTS-86) for windows-amd64 JRE (17.0.2+8-LTS-86), built on Dec  7 2021 21:51:03 by "mach5one" with MS VC++ 16.8 / 16.9 (VS2019)

END.
